#
# There is insufficient memory for the Java Runtime Environment to continue.
# Native memory allocation (mmap) failed to map 143654912 bytes. Error detail: G1 virtual space
# Possible reasons:
#   The system is out of physical RAM or swap space
#   This process is running with CompressedOops enabled, and the Java Heap may be blocking the growth of the native heap
# Possible solutions:
#   Reduce memory load on the system
#   Increase physical memory or swap space
#   Check if swap backing store is full
#   Decrease Java heap size (-Xmx/-Xms)
#   Decrease number of Java threads
#   Decrease Java thread stack sizes (-Xss)
#   Set larger code cache with -XX:ReservedCodeCacheSize=
#   JVM is running with Unscaled Compressed Oops mode in which the Java heap is
#     placed in the first 4GB address space. The Java Heap base address is the
#     maximum limit for the native heap growth. Please use -XX:HeapBaseMinAddress
#     to set the Java Heap base and to place the Java Heap above 4GB virtual address.
# This output file may be truncated or incomplete.
#
#  Out of Memory Error (os_windows.cpp:3564), pid=3356, tid=11140
#
# JRE version: Java(TM) SE Runtime Environment (24.0.2+12) (build 24.0.2+12-54)
# Java VM: Java HotSpot(TM) 64-Bit Server VM (24.0.2+12-54, mixed mode, sharing, tiered, compressed oops, compressed class ptrs, g1 gc, windows-amd64)
# No core dump will be written. Minidumps are not enabled by default on client versions of Windows
#

---------------  S U M M A R Y ------------

Command Line: -javaagent:C:\Users\hp\AppData\Local\JetBrains\IdeaIC2023.3\testAgent\intellij-coverage-agent-1.0.738.jar=C:\Users\hp\AppData\Local\Temp\coverage1args -javaagent:C:\Program Files\JetBrains\IntelliJ IDEA Community Edition 2023.3.8\lib\idea_rt.jar=63069:C:\Program Files\JetBrains\IntelliJ IDEA Community Edition 2023.3.8\bin -Dfile.encoding=UTF-8 -Dsun.stdout.encoding=UTF-8 -Dsun.stderr.encoding=UTF-8 com.programacionMovil.demo.BusApplicationKt

Host: AMD Ryzen 3 3250U with Radeon Graphics         , 4 cores, 3G,  Windows 11 , 64 bit Build 26100 (10.0.26100.2416)
Time: Thu Oct  9 14:19:36 2025 Hora estándar oeste, Sudamérica elapsed time: 29.550594 seconds (0d 0h 0m 29s)

---------------  T H R E A D  ---------------

Current thread (0x00000285d016c5a0):  VMThread "VM Thread"          [id=11140, stack(0x0000008f49900000,0x0000008f49a00000) (1024K)]

Stack: [0x0000008f49900000,0x0000008f49a00000]
Native frames: (J=compiled Java code, j=interpreted, Vv=VM code, C=native code)
V  [jvm.dll+0x730829]  (no source info available)
V  [jvm.dll+0x8d9da3]  (no source info available)
V  [jvm.dll+0x8dc28d]  (no source info available)
V  [jvm.dll+0x8dc903]  (no source info available)
V  [jvm.dll+0x2a9f56]  (no source info available)
V  [jvm.dll+0x72cd55]  (no source info available)
V  [jvm.dll+0x72066a]  (no source info available)
V  [jvm.dll+0x390b7a]  (no source info available)
V  [jvm.dll+0x398906]  (no source info available)
V  [jvm.dll+0x3850de]  (no source info available)
V  [jvm.dll+0x385398]  (no source info available)
V  [jvm.dll+0x35d10c]  (no source info available)
V  [jvm.dll+0x35d19a]  (no source info available)
V  [jvm.dll+0x3aa602]  (no source info available)
V  [jvm.dll+0x3a8c32]  (no source info available)
V  [jvm.dll+0x35c8d7]  (no source info available)
V  [jvm.dll+0x3a83e4]  (no source info available)
V  [jvm.dll+0x8e29c2]  (no source info available)
V  [jvm.dll+0x8e3d0c]  (no source info available)
V  [jvm.dll+0x8e4278]  (no source info available)
V  [jvm.dll+0x8e4513]  (no source info available)
V  [jvm.dll+0x87d9eb]  (no source info available)
V  [jvm.dll+0x72ef45]  (no source info available)
C  [ucrtbase.dll+0x14ea0]  (no source info available)
C  [KERNEL32.DLL+0x2e8d7]  (no source info available)
C  [ntdll.dll+0xdf36c]  (no source info available)

VM_Operation (0x0000008f4a9fb0d0): G1CollectForAllocation, mode: safepoint, requested by thread 0x00000285d51e23b0


---------------  P R O C E S S  ---------------

Threads class SMR info:
_java_thread_list=0x00000285d85dcaf0, length=18, elements={
0x00000285e87c2b60, 0x00000285d017ec80, 0x00000285d01805a0, 0x00000285d0186a00,
0x00000285d0187940, 0x00000285d0188470, 0x00000285d0188fa0, 0x00000285d018a210,
0x00000285d01a4e50, 0x00000285d031bf40, 0x00000285d056b630, 0x00000285d056bd70,
0x00000285d51e1c70, 0x00000285d51e23b0, 0x00000285d53ff920, 0x00000285d53fe330,
0x00000285d53fc5f0, 0x00000285da112ea0
}

Java Threads: ( => current thread )
  0x00000285e87c2b60 JavaThread "main"                              [_thread_blocked, id=2768, stack(0x0000008f49200000,0x0000008f49300000) (1024K)]
  0x00000285d017ec80 JavaThread "Reference Handler"          daemon [_thread_blocked, id=10560, stack(0x0000008f49a00000,0x0000008f49b00000) (1024K)]
  0x00000285d01805a0 JavaThread "Finalizer"                  daemon [_thread_blocked, id=12276, stack(0x0000008f49b00000,0x0000008f49c00000) (1024K)]
  0x00000285d0186a00 JavaThread "Signal Dispatcher"          daemon [_thread_blocked, id=11600, stack(0x0000008f49c00000,0x0000008f49d00000) (1024K)]
  0x00000285d0187940 JavaThread "Attach Listener"            daemon [_thread_blocked, id=10184, stack(0x0000008f49d00000,0x0000008f49e00000) (1024K)]
  0x00000285d0188470 JavaThread "Service Thread"             daemon [_thread_blocked, id=8416, stack(0x0000008f49e00000,0x0000008f49f00000) (1024K)]
  0x00000285d0188fa0 JavaThread "Monitor Deflation Thread"   daemon [_thread_blocked, id=6736, stack(0x0000008f49f00000,0x0000008f4a000000) (1024K)]
  0x00000285d018a210 JavaThread "C2 CompilerThread0"         daemon [_thread_blocked, id=5864, stack(0x0000008f4a000000,0x0000008f4a100000) (1024K)]
  0x00000285d01a4e50 JavaThread "C1 CompilerThread0"         daemon [_thread_blocked, id=7472, stack(0x0000008f4a100000,0x0000008f4a200000) (1024K)]
  0x00000285d031bf40 JavaThread "Common-Cleaner"             daemon [_thread_blocked, id=13292, stack(0x0000008f4a200000,0x0000008f4a300000) (1024K)]
  0x00000285d056b630 JavaThread "Monitor Ctrl-Break"         daemon [_thread_in_native, id=6804, stack(0x0000008f4a300000,0x0000008f4a400000) (1024K)]
  0x00000285d056bd70 JavaThread "Notification Thread"        daemon [_thread_blocked, id=1452, stack(0x0000008f4a400000,0x0000008f4a500000) (1024K)]
  0x00000285d51e1c70 JavaThread "Thread-2"                          [_thread_blocked, id=3844, stack(0x0000008f4a800000,0x0000008f4a900000) (1024K)]
  0x00000285d51e23b0 JavaThread "restartedMain"                     [_thread_blocked, id=6744, stack(0x0000008f4a900000,0x0000008f4aa00000) (1024K)]
  0x00000285d53ff920 JavaThread "Catalina-utility-1"                [_thread_blocked, id=11796, stack(0x0000008f4aa00000,0x0000008f4ab00000) (1024K)]
  0x00000285d53fe330 JavaThread "Catalina-utility-2"                [_thread_blocked, id=10440, stack(0x0000008f4ab00000,0x0000008f4ac00000) (1024K)]
  0x00000285d53fc5f0 JavaThread "container-0"                       [_thread_blocked, id=1448, stack(0x0000008f4ac00000,0x0000008f4ad00000) (1024K)]
  0x00000285da112ea0 JavaThread "C2 CompilerThread1"         daemon [_thread_blocked, id=4404, stack(0x0000008f4ae00000,0x0000008f4af00000) (1024K)]
Total: 18

Other Threads:
=>0x00000285d016c5a0 VMThread "VM Thread"                           [id=11140, stack(0x0000008f49900000,0x0000008f49a00000) (1024K)]
  0x00000285e886e4f0 WatcherThread "VM Periodic Task Thread"        [id=3964, stack(0x0000008f49800000,0x0000008f49900000) (1024K)]
  0x00000285e87faae0 WorkerThread "GC Thread#0"                     [id=4220, stack(0x0000008f49300000,0x0000008f49400000) (1024K)]
  0x00000285d0c84ab0 WorkerThread "GC Thread#1"                     [id=4912, stack(0x0000008f4a500000,0x0000008f4a600000) (1024K)]
  0x00000285d0c84e60 WorkerThread "GC Thread#2"                     [id=9348, stack(0x0000008f4a600000,0x0000008f4a700000) (1024K)]
  0x00000285d50843e0 WorkerThread "GC Thread#3"                     [id=4884, stack(0x0000008f4a700000,0x0000008f4a800000) (1024K)]
  0x00000285e8804410 ConcurrentGCThread "G1 Main Marker"            [id=15048, stack(0x0000008f49400000,0x0000008f49500000) (1024K)]
  0x00000285e8805e10 WorkerThread "G1 Conc#0"                       [id=11236, stack(0x0000008f49500000,0x0000008f49600000) (1024K)]
  0x00000285e8859e70 ConcurrentGCThread "G1 Refine#0"               [id=9872, stack(0x0000008f49600000,0x0000008f49700000) (1024K)]
  0x00000285e885a9f0 ConcurrentGCThread "G1 Service"                [id=3676, stack(0x0000008f49700000,0x0000008f49800000) (1024K)]
Total: 10

Threads with active compile tasks:
Total: 0

VM state: at safepoint (normal execution)

VM Mutex/Monitor currently owned by a thread:  ([mutex/lock_event])
[0x00007ffc1a4644f0] Threads_lock - owner thread: 0x00000285d016c5a0
[0x00007ffc1a4645f0] Heap_lock - owner thread: 0x00000285d51e23b0

Heap address: 0x00000000c9400000, size: 876 MB, Compressed Oops mode: 32-bit

CDS archive(s) mapped at: [0x000002858f000000-0x000002858fd40000-0x000002858fd40000), size 13893632, SharedBaseAddress: 0x000002858f000000, ArchiveRelocationMode: 1.
Compressed class space mapped at: 0x0000028590000000-0x00000285d0000000, reserved size: 1073741824
UseCompressedClassPointers 1, UseCompactObjectHeaders 0
Narrow klass pointer bits 32, Max shift 3
Narrow klass base: 0x000002858f000000, Narrow klass shift: 0
Encoding Range: [0x000002858f000000 - 0x000002868f000000), (4294967296 bytes)
Klass Range:    [0x000002858f000000 - 0x00000285d0000000), (1090519040 bytes)
Klass ID Range:  [8 - 1090519033) (1090519025)

GC Precious Log:
 CardTable entry size: 512
 Card Set container configuration: InlinePtr #cards 5 size 8 Array Of Cards #cards 10 size 36 Howl #buckets 4 coarsen threshold 1843 Howl Bitmap #cards 512 size 80 coarsen threshold 460 Card regions per heap region 1 cards per card region 2048
 CPUs: 4 total, 4 available
 Memory: 3499M
 Large Page Support: Disabled
 NUMA Support: Disabled
 Compressed Oops: Enabled (32-bit)
 Heap Region Size: 1M
 Heap Min Capacity: 8M
 Heap Initial Capacity: 56M
 Heap Max Capacity: 876M
 Pre-touch: Disabled
 Parallel Workers: 4
 Concurrent Workers: 1
 Concurrent Refinement Workers: 4
 Periodic GC: Disabled

Heap:
 garbage-first heap   total reserved 897024K, committed 140288K, used 80597K [0x00000000c9400000, 0x0000000100000000)
  region size 1024K, 6 young (6144K), 6 survivors (6144K)
 Metaspace       used 66475K, committed 66944K, reserved 1114112K
  class space    used 6303K, committed 6528K, reserved 1048576K

Heap Regions: E=young(eden), S=young(survivor), O=old, HS=humongous(starts), HC=humongous(continues), CS=collection set, F=free, TAMS=top-at-mark-start, PB=parsable bottom
|   0|0x00000000c9400000, 0x00000000c9500000, 0x00000000c9500000|100%|HS|  |TAMS 0x00000000c9400000| PB 0x00000000c9400000| Complete |  0
|   1|0x00000000c9500000, 0x00000000c9600000, 0x00000000c9600000|100%|HS|  |TAMS 0x00000000c9500000| PB 0x00000000c9500000| Complete |  0
|   2|0x00000000c9600000, 0x00000000c9700000, 0x00000000c9700000|100%| O|  |TAMS 0x00000000c9600000| PB 0x00000000c9600000| Untracked |  0
|   3|0x00000000c9700000, 0x00000000c9800000, 0x00000000c9800000|100%| O|  |TAMS 0x00000000c9700000| PB 0x00000000c9700000| Untracked |  0
|   4|0x00000000c9800000, 0x00000000c9900000, 0x00000000c9900000|100%| O|  |TAMS 0x00000000c9800000| PB 0x00000000c9800000| Untracked |  0
|   5|0x00000000c9900000, 0x00000000c9a00000, 0x00000000c9a00000|100%| O|  |TAMS 0x00000000c9900000| PB 0x00000000c9900000| Untracked |  0
|   6|0x00000000c9a00000, 0x00000000c9b00000, 0x00000000c9b00000|100%| O|  |TAMS 0x00000000c9a00000| PB 0x00000000c9a00000| Untracked |  0
|   7|0x00000000c9b00000, 0x00000000c9c00000, 0x00000000c9c00000|100%| O|  |TAMS 0x00000000c9b00000| PB 0x00000000c9b00000| Untracked |  0
|   8|0x00000000c9c00000, 0x00000000c9d00000, 0x00000000c9d00000|100%| O|  |TAMS 0x00000000c9c00000| PB 0x00000000c9c00000| Untracked |  0
|   9|0x00000000c9d00000, 0x00000000c9e00000, 0x00000000c9e00000|100%| O|  |TAMS 0x00000000c9d00000| PB 0x00000000c9d00000| Untracked |  0
|  10|0x00000000c9e00000, 0x00000000c9f00000, 0x00000000c9f00000|100%| O|  |TAMS 0x00000000c9e00000| PB 0x00000000c9e00000| Untracked |  0
|  11|0x00000000c9f00000, 0x00000000ca000000, 0x00000000ca000000|100%| O|  |TAMS 0x00000000c9f00000| PB 0x00000000c9f00000| Untracked |  0
|  12|0x00000000ca000000, 0x00000000ca100000, 0x00000000ca100000|100%| O|  |TAMS 0x00000000ca000000| PB 0x00000000ca000000| Untracked |  0
|  13|0x00000000ca100000, 0x00000000ca200000, 0x00000000ca200000|100%| O|  |TAMS 0x00000000ca100000| PB 0x00000000ca100000| Untracked |  0
|  14|0x00000000ca200000, 0x00000000ca300000, 0x00000000ca300000|100%| O|  |TAMS 0x00000000ca200000| PB 0x00000000ca200000| Untracked |  0
|  15|0x00000000ca300000, 0x00000000ca400000, 0x00000000ca400000|100%| O|  |TAMS 0x00000000ca300000| PB 0x00000000ca300000| Untracked |  0
|  16|0x00000000ca400000, 0x00000000ca500000, 0x00000000ca500000|100%| O|  |TAMS 0x00000000ca400000| PB 0x00000000ca400000| Untracked |  0
|  17|0x00000000ca500000, 0x00000000ca600000, 0x00000000ca600000|100%| O|  |TAMS 0x00000000ca500000| PB 0x00000000ca500000| Untracked |  0
|  18|0x00000000ca600000, 0x00000000ca700000, 0x00000000ca700000|100%| O|  |TAMS 0x00000000ca600000| PB 0x00000000ca600000| Untracked |  0
|  19|0x00000000ca700000, 0x00000000ca800000, 0x00000000ca800000|100%| O|  |TAMS 0x00000000ca700000| PB 0x00000000ca700000| Untracked |  0
|  20|0x00000000ca800000, 0x00000000ca900000, 0x00000000ca900000|100%| O|  |TAMS 0x00000000ca800000| PB 0x00000000ca800000| Untracked |  0
|  21|0x00000000ca900000, 0x00000000caa00000, 0x00000000caa00000|100%| O|  |TAMS 0x00000000ca900000| PB 0x00000000ca900000| Untracked |  0
|  22|0x00000000caa00000, 0x00000000cab00000, 0x00000000cab00000|100%| O|  |TAMS 0x00000000caa00000| PB 0x00000000caa00000| Untracked |  0
|  23|0x00000000cab00000, 0x00000000cac00000, 0x00000000cac00000|100%| O|  |TAMS 0x00000000cab00000| PB 0x00000000cab00000| Untracked |  0
|  24|0x00000000cac00000, 0x00000000cad00000, 0x00000000cad00000|100%| O|  |TAMS 0x00000000cac00000| PB 0x00000000cac00000| Untracked |  0
|  25|0x00000000cad00000, 0x00000000cae00000, 0x00000000cae00000|100%| O|  |TAMS 0x00000000cad00000| PB 0x00000000cad00000| Untracked |  0
|  26|0x00000000cae00000, 0x00000000caf00000, 0x00000000caf00000|100%| O|  |TAMS 0x00000000cae00000| PB 0x00000000cae00000| Untracked |  0
|  27|0x00000000caf00000, 0x00000000cb000000, 0x00000000cb000000|100%| O|  |TAMS 0x00000000caf00000| PB 0x00000000caf00000| Untracked |  0
|  28|0x00000000cb000000, 0x00000000cb100000, 0x00000000cb100000|100%| O|  |TAMS 0x00000000cb000000| PB 0x00000000cb000000| Untracked |  0
|  29|0x00000000cb100000, 0x00000000cb200000, 0x00000000cb200000|100%| O|  |TAMS 0x00000000cb100000| PB 0x00000000cb100000| Untracked |  0
|  30|0x00000000cb200000, 0x00000000cb300000, 0x00000000cb300000|100%| O|  |TAMS 0x00000000cb200000| PB 0x00000000cb200000| Untracked |  0
|  31|0x00000000cb300000, 0x00000000cb400000, 0x00000000cb400000|100%| O|  |TAMS 0x00000000cb300000| PB 0x00000000cb300000| Untracked |  0
|  32|0x00000000cb400000, 0x00000000cb500000, 0x00000000cb500000|100%| O|  |TAMS 0x00000000cb400000| PB 0x00000000cb400000| Untracked |  0
|  33|0x00000000cb500000, 0x00000000cb600000, 0x00000000cb600000|100%| O|  |TAMS 0x00000000cb500000| PB 0x00000000cb500000| Untracked |  0
|  34|0x00000000cb600000, 0x00000000cb700000, 0x00000000cb700000|100%| O|  |TAMS 0x00000000cb600000| PB 0x00000000cb600000| Untracked |  0
|  35|0x00000000cb700000, 0x00000000cb800000, 0x00000000cb800000|100%| O|  |TAMS 0x00000000cb700000| PB 0x00000000cb700000| Untracked |  0
|  36|0x00000000cb800000, 0x00000000cb900000, 0x00000000cb900000|100%| O|  |TAMS 0x00000000cb800000| PB 0x00000000cb800000| Untracked |  0
|  37|0x00000000cb900000, 0x00000000cba00000, 0x00000000cba00000|100%| O|  |TAMS 0x00000000cb900000| PB 0x00000000cb900000| Untracked |  0
|  38|0x00000000cba00000, 0x00000000cbb00000, 0x00000000cbb00000|100%| O|  |TAMS 0x00000000cba00000| PB 0x00000000cba00000| Untracked |  0
|  39|0x00000000cbb00000, 0x00000000cbc00000, 0x00000000cbc00000|100%| O|  |TAMS 0x00000000cbb00000| PB 0x00000000cbb00000| Untracked |  0
|  40|0x00000000cbc00000, 0x00000000cbd00000, 0x00000000cbd00000|100%| O|  |TAMS 0x00000000cbc00000| PB 0x00000000cbc00000| Untracked |  0
|  41|0x00000000cbd00000, 0x00000000cbe00000, 0x00000000cbe00000|100%| O|  |TAMS 0x00000000cbd00000| PB 0x00000000cbd00000| Untracked |  0
|  42|0x00000000cbe00000, 0x00000000cbf00000, 0x00000000cbf00000|100%| O|  |TAMS 0x00000000cbe00000| PB 0x00000000cbe00000| Untracked |  0
|  43|0x00000000cbf00000, 0x00000000cc000000, 0x00000000cc000000|100%| O|  |TAMS 0x00000000cbf00000| PB 0x00000000cbf00000| Untracked |  0
|  44|0x00000000cc000000, 0x00000000cc100000, 0x00000000cc100000|100%| O|  |TAMS 0x00000000cc000000| PB 0x00000000cc000000| Untracked |  0
|  45|0x00000000cc100000, 0x00000000cc200000, 0x00000000cc200000|100%| O|  |TAMS 0x00000000cc100000| PB 0x00000000cc100000| Untracked |  0
|  46|0x00000000cc200000, 0x00000000cc300000, 0x00000000cc300000|100%| O|  |TAMS 0x00000000cc200000| PB 0x00000000cc200000| Untracked |  0
|  47|0x00000000cc300000, 0x00000000cc400000, 0x00000000cc400000|100%| O|  |TAMS 0x00000000cc300000| PB 0x00000000cc300000| Untracked |  0
|  48|0x00000000cc400000, 0x00000000cc500000, 0x00000000cc500000|100%| O|  |TAMS 0x00000000cc400000| PB 0x00000000cc400000| Untracked |  0
|  49|0x00000000cc500000, 0x00000000cc600000, 0x00000000cc600000|100%| O|  |TAMS 0x00000000cc500000| PB 0x00000000cc500000| Untracked |  0
|  50|0x00000000cc600000, 0x00000000cc700000, 0x00000000cc700000|100%| O|  |TAMS 0x00000000cc600000| PB 0x00000000cc600000| Untracked |  0
|  51|0x00000000cc700000, 0x00000000cc800000, 0x00000000cc800000|100%| O|  |TAMS 0x00000000cc700000| PB 0x00000000cc700000| Untracked |  0
|  52|0x00000000cc800000, 0x00000000cc900000, 0x00000000cc900000|100%| O|  |TAMS 0x00000000cc800000| PB 0x00000000cc800000| Untracked |  0
|  53|0x00000000cc900000, 0x00000000cca00000, 0x00000000cca00000|100%| O|  |TAMS 0x00000000cc900000| PB 0x00000000cc900000| Untracked |  0
|  54|0x00000000cca00000, 0x00000000ccb00000, 0x00000000ccb00000|100%| O|  |TAMS 0x00000000cca00000| PB 0x00000000cca00000| Untracked |  0
|  55|0x00000000ccb00000, 0x00000000ccc00000, 0x00000000ccc00000|100%| O|  |TAMS 0x00000000ccb00000| PB 0x00000000ccb00000| Untracked |  0
|  56|0x00000000ccc00000, 0x00000000ccd00000, 0x00000000ccd00000|100%| O|  |TAMS 0x00000000ccc00000| PB 0x00000000ccc00000| Untracked |  0
|  57|0x00000000ccd00000, 0x00000000cce00000, 0x00000000cce00000|100%| O|  |TAMS 0x00000000ccd00000| PB 0x00000000ccd00000| Untracked |  0
|  58|0x00000000cce00000, 0x00000000ccf00000, 0x00000000ccf00000|100%| O|  |TAMS 0x00000000cce00000| PB 0x00000000cce00000| Untracked |  0
|  59|0x00000000ccf00000, 0x00000000cd000000, 0x00000000cd000000|100%| O|  |TAMS 0x00000000ccf00000| PB 0x00000000ccf00000| Untracked |  0
|  60|0x00000000cd000000, 0x00000000cd100000, 0x00000000cd100000|100%| O|  |TAMS 0x00000000cd000000| PB 0x00000000cd000000| Untracked |  0
|  61|0x00000000cd100000, 0x00000000cd200000, 0x00000000cd200000|100%|HS|  |TAMS 0x00000000cd100000| PB 0x00000000cd100000| Complete |  0
|  62|0x00000000cd200000, 0x00000000cd300000, 0x00000000cd300000|100%| O|  |TAMS 0x00000000cd200000| PB 0x00000000cd200000| Untracked |  0
|  63|0x00000000cd300000, 0x00000000cd400000, 0x00000000cd400000|100%| O|  |TAMS 0x00000000cd300000| PB 0x00000000cd300000| Untracked |  0
|  64|0x00000000cd400000, 0x00000000cd500000, 0x00000000cd500000|100%| O|  |TAMS 0x00000000cd400000| PB 0x00000000cd400000| Untracked |  0
|  65|0x00000000cd500000, 0x00000000cd600000, 0x00000000cd600000|100%| O|  |TAMS 0x00000000cd500000| PB 0x00000000cd500000| Untracked |  0
|  66|0x00000000cd600000, 0x00000000cd700000, 0x00000000cd700000|100%| O|  |TAMS 0x00000000cd600000| PB 0x00000000cd600000| Untracked |  0
|  67|0x00000000cd700000, 0x00000000cd800000, 0x00000000cd800000|100%| O|  |TAMS 0x00000000cd700000| PB 0x00000000cd700000| Untracked |  0
|  68|0x00000000cd800000, 0x00000000cd900000, 0x00000000cd900000|100%| O|  |TAMS 0x00000000cd800000| PB 0x00000000cd800000| Untracked |  0
|  69|0x00000000cd900000, 0x00000000cd900000, 0x00000000cda00000|  0%| F|  |TAMS 0x00000000cd900000| PB 0x00000000cd900000| Untracked |  0
|  70|0x00000000cda00000, 0x00000000cdab5600, 0x00000000cdb00000| 70%| O|  |TAMS 0x00000000cda00000| PB 0x00000000cda00000| Untracked |  0
|  71|0x00000000cdb00000, 0x00000000cdb00000, 0x00000000cdc00000|  0%| F|  |TAMS 0x00000000cdb00000| PB 0x00000000cdb00000| Untracked |  0
|  72|0x00000000cdc00000, 0x00000000cdd00000, 0x00000000cdd00000|100%| O|  |TAMS 0x00000000cdc00000| PB 0x00000000cdc00000| Untracked |  0
|  73|0x00000000cdd00000, 0x00000000cdd00000, 0x00000000cde00000|  0%| F|  |TAMS 0x00000000cdd00000| PB 0x00000000cdd00000| Untracked |  0
|  74|0x00000000cde00000, 0x00000000cde00000, 0x00000000cdf00000|  0%| F|  |TAMS 0x00000000cde00000| PB 0x00000000cde00000| Untracked |  0
|  75|0x00000000cdf00000, 0x00000000cdf00000, 0x00000000ce000000|  0%| F|  |TAMS 0x00000000cdf00000| PB 0x00000000cdf00000| Untracked |  0
|  76|0x00000000ce000000, 0x00000000ce000000, 0x00000000ce100000|  0%| F|  |TAMS 0x00000000ce000000| PB 0x00000000ce000000| Untracked |  0
|  77|0x00000000ce100000, 0x00000000ce100000, 0x00000000ce200000|  0%| F|  |TAMS 0x00000000ce100000| PB 0x00000000ce100000| Untracked |  0
|  78|0x00000000ce200000, 0x00000000ce200000, 0x00000000ce300000|  0%| F|  |TAMS 0x00000000ce200000| PB 0x00000000ce200000| Untracked |  0
|  79|0x00000000ce300000, 0x00000000ce400000, 0x00000000ce400000|100%| O|  |TAMS 0x00000000ce300000| PB 0x00000000ce300000| Untracked |  0
|  80|0x00000000ce400000, 0x00000000ce400000, 0x00000000ce500000|  0%| F|  |TAMS 0x00000000ce400000| PB 0x00000000ce400000| Untracked |  0
|  81|0x00000000ce500000, 0x00000000ce500000, 0x00000000ce600000|  0%| F|  |TAMS 0x00000000ce500000| PB 0x00000000ce500000| Untracked |  0
|  82|0x00000000ce600000, 0x00000000ce600000, 0x00000000ce700000|  0%| F|  |TAMS 0x00000000ce600000| PB 0x00000000ce600000| Untracked |  0
|  83|0x00000000ce700000, 0x00000000ce700000, 0x00000000ce800000|  0%| F|  |TAMS 0x00000000ce700000| PB 0x00000000ce700000| Untracked |  0
|  84|0x00000000ce800000, 0x00000000ce800000, 0x00000000ce900000|  0%| F|  |TAMS 0x00000000ce800000| PB 0x00000000ce800000| Untracked |  0
|  85|0x00000000ce900000, 0x00000000ce900000, 0x00000000cea00000|  0%| F|  |TAMS 0x00000000ce900000| PB 0x00000000ce900000| Untracked |  0
|  86|0x00000000cea00000, 0x00000000cea00000, 0x00000000ceb00000|  0%| F|  |TAMS 0x00000000cea00000| PB 0x00000000cea00000| Untracked |  0
|  87|0x00000000ceb00000, 0x00000000cec00000, 0x00000000cec00000|100%| S|CS|TAMS 0x00000000ceb00000| PB 0x00000000ceb00000| Complete |  0
|  88|0x00000000cec00000, 0x00000000ced00000, 0x00000000ced00000|100%| S|CS|TAMS 0x00000000cec00000| PB 0x00000000cec00000| Complete |  0
|  89|0x00000000ced00000, 0x00000000cee00000, 0x00000000cee00000|100%| S|CS|TAMS 0x00000000ced00000| PB 0x00000000ced00000| Complete |  0
|  90|0x00000000cee00000, 0x00000000cef00000, 0x00000000cef00000|100%| S|CS|TAMS 0x00000000cee00000| PB 0x00000000cee00000| Complete |  0
|  91|0x00000000cef00000, 0x00000000cef00000, 0x00000000cf000000|  0%| F|  |TAMS 0x00000000cef00000| PB 0x00000000cef00000| Untracked |  0
|  92|0x00000000cf000000, 0x00000000cf000000, 0x00000000cf100000|  0%| F|  |TAMS 0x00000000cf000000| PB 0x00000000cf000000| Untracked |  0
|  93|0x00000000cf100000, 0x00000000cf100000, 0x00000000cf200000|  0%| F|  |TAMS 0x00000000cf100000| PB 0x00000000cf100000| Untracked |  0
|  94|0x00000000cf200000, 0x00000000cf200000, 0x00000000cf300000|  0%| F|  |TAMS 0x00000000cf200000| PB 0x00000000cf200000| Untracked |  0
|  95|0x00000000cf300000, 0x00000000cf300000, 0x00000000cf400000|  0%| F|  |TAMS 0x00000000cf300000| PB 0x00000000cf300000| Untracked |  0
|  96|0x00000000cf400000, 0x00000000cf500000, 0x00000000cf500000|100%| S|CS|TAMS 0x00000000cf400000| PB 0x00000000cf400000| Complete |  0
|  97|0x00000000cf500000, 0x00000000cf600000, 0x00000000cf600000|100%| S|CS|TAMS 0x00000000cf500000| PB 0x00000000cf500000| Complete |  0
|  98|0x00000000cf600000, 0x00000000cf600000, 0x00000000cf700000|  0%| F|  |TAMS 0x00000000cf600000| PB 0x00000000cf600000| Untracked |  0
|  99|0x00000000cf700000, 0x00000000cf700000, 0x00000000cf800000|  0%| F|  |TAMS 0x00000000cf700000| PB 0x00000000cf700000| Untracked |  0
| 100|0x00000000cf800000, 0x00000000cf800000, 0x00000000cf900000|  0%| F|  |TAMS 0x00000000cf800000| PB 0x00000000cf800000| Untracked |  0
| 101|0x00000000cf900000, 0x00000000cf900000, 0x00000000cfa00000|  0%| F|  |TAMS 0x00000000cf900000| PB 0x00000000cf900000| Untracked |  0
| 102|0x00000000cfa00000, 0x00000000cfa00000, 0x00000000cfb00000|  0%| F|  |TAMS 0x00000000cfa00000| PB 0x00000000cfa00000| Untracked |  0
| 103|0x00000000cfb00000, 0x00000000cfb00000, 0x00000000cfc00000|  0%| F|  |TAMS 0x00000000cfb00000| PB 0x00000000cfb00000| Untracked |  0
| 104|0x00000000cfc00000, 0x00000000cfc00000, 0x00000000cfd00000|  0%| F|  |TAMS 0x00000000cfc00000| PB 0x00000000cfc00000| Untracked |  0
| 105|0x00000000cfd00000, 0x00000000cfd00000, 0x00000000cfe00000|  0%| F|  |TAMS 0x00000000cfd00000| PB 0x00000000cfd00000| Untracked |  0
| 106|0x00000000cfe00000, 0x00000000cfe00000, 0x00000000cff00000|  0%| F|  |TAMS 0x00000000cfe00000| PB 0x00000000cfe00000| Untracked |  0
| 107|0x00000000cff00000, 0x00000000cff00000, 0x00000000d0000000|  0%| F|  |TAMS 0x00000000cff00000| PB 0x00000000cff00000| Untracked |  0
| 108|0x00000000d0000000, 0x00000000d0000000, 0x00000000d0100000|  0%| F|  |TAMS 0x00000000d0000000| PB 0x00000000d0000000| Untracked |  0
| 109|0x00000000d0100000, 0x00000000d0100000, 0x00000000d0200000|  0%| F|  |TAMS 0x00000000d0100000| PB 0x00000000d0100000| Untracked |  0
| 110|0x00000000d0200000, 0x00000000d0200000, 0x00000000d0300000|  0%| F|  |TAMS 0x00000000d0200000| PB 0x00000000d0200000| Untracked |  0
| 111|0x00000000d0300000, 0x00000000d0300000, 0x00000000d0400000|  0%| F|  |TAMS 0x00000000d0300000| PB 0x00000000d0300000| Untracked |  0
| 112|0x00000000d0400000, 0x00000000d0400000, 0x00000000d0500000|  0%| F|  |TAMS 0x00000000d0400000| PB 0x00000000d0400000| Untracked |  0
| 113|0x00000000d0500000, 0x00000000d0500000, 0x00000000d0600000|  0%| F|  |TAMS 0x00000000d0500000| PB 0x00000000d0500000| Untracked |  0
| 114|0x00000000d0600000, 0x00000000d0600000, 0x00000000d0700000|  0%| F|  |TAMS 0x00000000d0600000| PB 0x00000000d0600000| Untracked |  0
| 115|0x00000000d0700000, 0x00000000d0700000, 0x00000000d0800000|  0%| F|  |TAMS 0x00000000d0700000| PB 0x00000000d0700000| Untracked |  0
| 116|0x00000000d0800000, 0x00000000d0800000, 0x00000000d0900000|  0%| F|  |TAMS 0x00000000d0800000| PB 0x00000000d0800000| Untracked |  0
| 117|0x00000000d0900000, 0x00000000d0900000, 0x00000000d0a00000|  0%| F|  |TAMS 0x00000000d0900000| PB 0x00000000d0900000| Untracked |  0
| 118|0x00000000d0a00000, 0x00000000d0a00000, 0x00000000d0b00000|  0%| F|  |TAMS 0x00000000d0a00000| PB 0x00000000d0a00000| Untracked |  0
| 119|0x00000000d0b00000, 0x00000000d0b00000, 0x00000000d0c00000|  0%| F|  |TAMS 0x00000000d0b00000| PB 0x00000000d0b00000| Untracked |  0
| 120|0x00000000d0c00000, 0x00000000d0c00000, 0x00000000d0d00000|  0%| F|  |TAMS 0x00000000d0c00000| PB 0x00000000d0c00000| Untracked |  0
| 121|0x00000000d0d00000, 0x00000000d0d00000, 0x00000000d0e00000|  0%| F|  |TAMS 0x00000000d0d00000| PB 0x00000000d0d00000| Untracked |  0
| 122|0x00000000d0e00000, 0x00000000d0e00000, 0x00000000d0f00000|  0%| F|  |TAMS 0x00000000d0e00000| PB 0x00000000d0e00000| Untracked |  0
| 123|0x00000000d0f00000, 0x00000000d0f00000, 0x00000000d1000000|  0%| F|  |TAMS 0x00000000d0f00000| PB 0x00000000d0f00000| Untracked |  0
| 124|0x00000000d1000000, 0x00000000d1000000, 0x00000000d1100000|  0%| F|  |TAMS 0x00000000d1000000| PB 0x00000000d1000000| Untracked |  0
| 125|0x00000000d1100000, 0x00000000d1100000, 0x00000000d1200000|  0%| F|  |TAMS 0x00000000d1100000| PB 0x00000000d1100000| Untracked |  0
| 126|0x00000000d1200000, 0x00000000d1200000, 0x00000000d1300000|  0%| F|  |TAMS 0x00000000d1200000| PB 0x00000000d1200000| Untracked |  0
| 127|0x00000000d1300000, 0x00000000d1300000, 0x00000000d1400000|  0%| F|  |TAMS 0x00000000d1300000| PB 0x00000000d1300000| Untracked |  0
| 128|0x00000000d1400000, 0x00000000d1400000, 0x00000000d1500000|  0%| F|  |TAMS 0x00000000d1400000| PB 0x00000000d1400000| Untracked |  0
| 129|0x00000000d1500000, 0x00000000d1500000, 0x00000000d1600000|  0%| F|  |TAMS 0x00000000d1500000| PB 0x00000000d1500000| Untracked |  0
| 130|0x00000000d1600000, 0x00000000d1600000, 0x00000000d1700000|  0%| F|  |TAMS 0x00000000d1600000| PB 0x00000000d1600000| Untracked |  0
| 131|0x00000000d1700000, 0x00000000d1700000, 0x00000000d1800000|  0%| F|  |TAMS 0x00000000d1700000| PB 0x00000000d1700000| Untracked |  0
| 132|0x00000000d1800000, 0x00000000d1800000, 0x00000000d1900000|  0%| F|  |TAMS 0x00000000d1800000| PB 0x00000000d1800000| Untracked |  0
| 872|0x00000000ffc00000, 0x00000000ffc00000, 0x00000000ffd00000|  0%| F|  |TAMS 0x00000000ffc00000| PB 0x00000000ffc00000| Untracked |  0
| 873|0x00000000ffd00000, 0x00000000ffd00000, 0x00000000ffe00000|  0%| F|  |TAMS 0x00000000ffd00000| PB 0x00000000ffd00000| Untracked |  0
| 874|0x00000000ffe00000, 0x00000000fff00000, 0x00000000fff00000|100%| O|  |TAMS 0x00000000ffe00000| PB 0x00000000ffe00000| Untracked |  0
| 875|0x00000000fff00000, 0x00000000fff00000, 0x0000000100000000|  0%| F|  |TAMS 0x00000000fff00000| PB 0x00000000fff00000| Untracked |  0

Card table byte_map: [0x00000285f1210000,0x00000285f13d0000] _byte_map_base: 0x00000285f0bc6000

Marking Bits: (CMBitMap*) 0x00000285e87fb1f0
 Bits: [0x00000285f13d0000, 0x00000285f2180000)

Polling page: 0x00000285e7de0000

Metaspace:

Usage:
  Non-class:     58.76 MB used.
      Class:      6.16 MB used.
       Both:     64.92 MB used.

Virtual space:
  Non-class space:       64.00 MB reserved,      59.00 MB ( 92%) committed,  1 nodes.
      Class space:        1.00 GB reserved,       6.38 MB ( <1%) committed,  1 nodes.
             Both:        1.06 GB reserved,      65.38 MB (  6%) committed. 

Chunk freelists:
   Non-Class:  4.94 MB
       Class:  9.52 MB
        Both:  14.45 MB

MaxMetaspaceSize: unlimited
CompressedClassSpaceSize: 1.00 GB
Initial GC threshold: 21.00 MB
Current GC threshold: 104.50 MB
CDS: on
 - commit_granule_bytes: 65536.
 - commit_granule_words: 8192.
 - virtual_space_node_default_size: 8388608.
 - enlarge_chunks_in_place: 1.
UseCompressedClassPointers 1, UseCompactObjectHeaders 0
Narrow klass pointer bits 32, Max shift 3
Narrow klass base: 0x000002858f000000, Narrow klass shift: 0
Encoding Range: [0x000002858f000000 - 0x000002868f000000), (4294967296 bytes)
Klass Range:    [0x000002858f000000 - 0x00000285d0000000), (1090519040 bytes)
Klass ID Range:  [8 - 1090519033) (1090519025)


Internal statistics:

num_allocs_failed_limit: 3.
num_arena_births: 572.
num_arena_deaths: 0.
num_vsnodes_births: 2.
num_vsnodes_deaths: 0.
num_space_committed: 1046.
num_space_uncommitted: 0.
num_chunks_returned_to_freelist: 3.
num_chunks_taken_from_freelist: 2767.
num_chunk_merges: 3.
num_chunk_splits: 2112.
num_chunks_enlarged: 1812.
num_inconsistent_stats: 0.

CodeHeap 'non-profiled nmethods': size=120064Kb used=3110Kb max_used=3110Kb free=116953Kb
 bounds [0x0000028587ac0000, 0x0000028587dd0000, 0x000002858f000000]
CodeHeap 'profiled nmethods': size=120000Kb used=7103Kb max_used=8456Kb free=112896Kb
 bounds [0x0000028580000000, 0x0000028580860000, 0x0000028587530000]
CodeHeap 'non-nmethods': size=5696Kb used=1484Kb max_used=1648Kb free=4211Kb
 bounds [0x0000028587530000, 0x00000285877a0000, 0x0000028587ac0000]
CodeCache: size=245760Kb, used=11697Kb, max_used=13214Kb, free=234060Kb
 total_blobs=6066, nmethods=5415, adapters=556, full_count=0
Compilation: enabled, stopped_count=0, restarted_count=0

Compilation events (20 events):
Event: 29.266 Thread 0x00000285d01a4e50 nmethod 7377 0x00000285807f6b88 code [0x00000285807f6ca0, 0x00000285807f6dc8]
Event: 29.266 Thread 0x00000285d01a4e50 7378       3       org.springframework.beans.factory.support.AbstractBeanFactory::isTypeMatch (1693 bytes)
Event: 29.270 Thread 0x00000285d01a4e50 nmethod 7378 0x000002858036f888 code [0x000002858036ff60, 0x0000028580374ae8]
Event: 29.270 Thread 0x00000285d01a4e50 7379       3       org.springframework.core.annotation.AnnotatedElementUtils::hasAnnotation (76 bytes)
Event: 29.270 Thread 0x00000285d01a4e50 nmethod 7379 0x000002858081e188 code [0x000002858081e300, 0x000002858081e7a8]
Event: 29.270 Thread 0x00000285d01a4e50 7380       3       org.springframework.context.support.GenericApplicationContext::getBeanFactory (19 bytes)
Event: 29.271 Thread 0x00000285d01a4e50 nmethod 7380 0x0000028580818b88 code [0x0000028580818ca0, 0x0000028580818dc0]
Event: 29.272 Thread 0x00000285d018a210 nmethod 7375% 0x0000028587dc2b08 code [0x0000028587dc2cc0, 0x0000028587dc38c8]
Event: 29.278 Thread 0x00000285d018a210 7381   !   4       sun.net.www.ParseUtil::decode (349 bytes)
Event: 29.282 Thread 0x00000285da112ea0 7382       4       java.lang.ClassLoader::getDefinedPackage (36 bytes)
Event: 29.295 Thread 0x00000285d018a210 nmethod 7381 0x0000028587dc3988 code [0x0000028587dc3c40, 0x0000028587dc4888]
Event: 29.295 Thread 0x00000285d018a210 7383       4       jdk.internal.loader.URLClassPath$JarLoader$1::getInputStream (15 bytes)
Event: 29.297 Thread 0x00000285d01a4e50 7386       3       java.util.Collections::unmodifiableList (51 bytes)
Event: 29.298 Thread 0x00000285d01a4e50 nmethod 7386 0x00000285804b9588 code [0x00000285804b9760, 0x00000285804ba260]
Event: 29.301 Thread 0x00000285da112ea0 nmethod 7382 0x0000028587dc4a08 code [0x0000028587dc4c20, 0x0000028587dc5920]
Event: 29.301 Thread 0x00000285da112ea0 7384       4       jdk.internal.loader.URLClassPath$JarLoader$1::getManifest (26 bytes)
Event: 29.317 Thread 0x00000285da112ea0 nmethod 7384 0x0000028587dc5a88 code [0x0000028587dc5ce0, 0x0000028587dc6fa8]
Event: 29.317 Thread 0x00000285da112ea0 7385       4       jdk.internal.loader.BuiltinClassLoader::getAndVerifyPackage (113 bytes)
Event: 29.320 Thread 0x00000285da112ea0 nmethod 7385 0x0000028587dc7108 code [0x0000028587dc7240, 0x0000028587dc73e0]
Event: 29.323 Thread 0x00000285d018a210 nmethod 7383 0x0000028587dc7788 code [0x0000028587dc7a00, 0x0000028587dc9698]

GC Heap History (20 events):
Event: 25.481 GC heap after
{Heap after GC invocations=38 (full 0):
 garbage-first heap   total reserved 897024K, committed 101376K, used 60333K [0x00000000c9400000, 0x0000000100000000)
  region size 1024K, 3 young (3072K), 3 survivors (3072K)
 Metaspace       used 52840K, committed 53312K, reserved 1114112K
  class space    used 5016K, committed 5184K, reserved 1048576K
}
Event: 25.918 GC heap before
{Heap before GC invocations=38 (full 0):
 garbage-first heap   total reserved 897024K, committed 101376K, used 90029K [0x00000000c9400000, 0x0000000100000000)
  region size 1024K, 33 young (33792K), 3 survivors (3072K)
 Metaspace       used 54593K, committed 55040K, reserved 1114112K
  class space    used 5146K, committed 5312K, reserved 1048576K
}
Event: 25.926 GC heap after
{Heap after GC invocations=39 (full 0):
 garbage-first heap   total reserved 897024K, committed 101376K, used 61235K [0x00000000c9400000, 0x0000000100000000)
  region size 1024K, 4 young (4096K), 4 survivors (4096K)
 Metaspace       used 54593K, committed 55040K, reserved 1114112K
  class space    used 5146K, committed 5312K, reserved 1048576K
}
Event: 26.229 GC heap before
{Heap before GC invocations=39 (full 0):
 garbage-first heap   total reserved 897024K, committed 101376K, used 89907K [0x00000000c9400000, 0x0000000100000000)
  region size 1024K, 32 young (32768K), 4 survivors (4096K)
 Metaspace       used 55738K, committed 56128K, reserved 1114112K
  class space    used 5295K, committed 5440K, reserved 1048576K
}
Event: 26.237 GC heap after
{Heap after GC invocations=40 (full 0):
 garbage-first heap   total reserved 897024K, committed 101376K, used 65042K [0x00000000c9400000, 0x0000000100000000)
  region size 1024K, 4 young (4096K), 4 survivors (4096K)
 Metaspace       used 55738K, committed 56128K, reserved 1114112K
  class space    used 5295K, committed 5440K, reserved 1048576K
}
Event: 26.618 GC heap before
{Heap before GC invocations=41 (full 0):
 garbage-first heap   total reserved 897024K, committed 109568K, used 90642K [0x00000000c9400000, 0x0000000100000000)
  region size 1024K, 29 young (29696K), 4 survivors (4096K)
 Metaspace       used 58213K, committed 58688K, reserved 1114112K
  class space    used 5644K, committed 5888K, reserved 1048576K
}
Event: 26.624 GC heap after
{Heap after GC invocations=42 (full 0):
 garbage-first heap   total reserved 897024K, committed 109568K, used 66822K [0x00000000c9400000, 0x0000000100000000)
  region size 1024K, 3 young (3072K), 3 survivors (3072K)
 Metaspace       used 58213K, committed 58688K, reserved 1114112K
  class space    used 5644K, committed 5888K, reserved 1048576K
}
Event: 27.045 GC heap before
{Heap before GC invocations=42 (full 0):
 garbage-first heap   total reserved 897024K, committed 109568K, used 99590K [0x00000000c9400000, 0x0000000100000000)
  region size 1024K, 34 young (34816K), 3 survivors (3072K)
 Metaspace       used 59369K, committed 59840K, reserved 1114112K
  class space    used 5702K, committed 5952K, reserved 1048576K
}
Event: 27.058 GC heap after
{Heap after GC invocations=43 (full 0):
 garbage-first heap   total reserved 897024K, committed 111616K, used 74704K [0x00000000c9400000, 0x0000000100000000)
  region size 1024K, 5 young (5120K), 5 survivors (5120K)
 Metaspace       used 59369K, committed 59840K, reserved 1114112K
  class space    used 5702K, committed 5952K, reserved 1048576K
}
Event: 27.096 GC heap before
{Heap before GC invocations=43 (full 0):
 garbage-first heap   total reserved 897024K, committed 111616K, used 86992K [0x00000000c9400000, 0x0000000100000000)
  region size 1024K, 18 young (18432K), 5 survivors (5120K)
 Metaspace       used 59370K, committed 59840K, reserved 1114112K
  class space    used 5702K, committed 5952K, reserved 1048576K
}
Event: 27.111 GC heap after
{Heap after GC invocations=44 (full 0):
 garbage-first heap   total reserved 897024K, committed 111616K, used 82935K [0x00000000c9400000, 0x0000000100000000)
  region size 1024K, 4 young (4096K), 4 survivors (4096K)
 Metaspace       used 59370K, committed 59840K, reserved 1114112K
  class space    used 5702K, committed 5952K, reserved 1048576K
}
Event: 27.311 GC heap before
{Heap before GC invocations=45 (full 0):
 garbage-first heap   total reserved 897024K, committed 140288K, used 98295K [0x00000000c9400000, 0x0000000100000000)
  region size 1024K, 18 young (18432K), 4 survivors (4096K)
 Metaspace       used 60597K, committed 61056K, reserved 1114112K
  class space    used 5747K, committed 5952K, reserved 1048576K
}
Event: 27.318 GC heap after
{Heap after GC invocations=46 (full 0):
 garbage-first heap   total reserved 897024K, committed 140288K, used 82813K [0x00000000c9400000, 0x0000000100000000)
  region size 1024K, 2 young (2048K), 2 survivors (2048K)
 Metaspace       used 60597K, committed 61056K, reserved 1114112K
  class space    used 5747K, committed 5952K, reserved 1048576K
}
Event: 27.675 GC heap before
{Heap before GC invocations=46 (full 0):
 garbage-first heap   total reserved 897024K, committed 140288K, used 114557K [0x00000000c9400000, 0x0000000100000000)
  region size 1024K, 34 young (34816K), 2 survivors (2048K)
 Metaspace       used 61901K, committed 62336K, reserved 1114112K
  class space    used 5845K, committed 6080K, reserved 1048576K
}
Event: 27.680 GC heap after
{Heap after GC invocations=47 (full 0):
 garbage-first heap   total reserved 897024K, committed 140288K, used 82584K [0x00000000c9400000, 0x0000000100000000)
  region size 1024K, 2 young (2048K), 2 survivors (2048K)
 Metaspace       used 61901K, committed 62336K, reserved 1114112K
  class space    used 5845K, committed 6080K, reserved 1048576K
}
Event: 27.909 GC heap before
{Heap before GC invocations=47 (full 0):
 garbage-first heap   total reserved 897024K, committed 140288K, used 112280K [0x00000000c9400000, 0x0000000100000000)
  region size 1024K, 32 young (32768K), 2 survivors (2048K)
 Metaspace       used 63187K, committed 63744K, reserved 1114112K
  class space    used 5954K, committed 6208K, reserved 1048576K
}
Event: 27.916 GC heap after
{Heap after GC invocations=48 (full 0):
 garbage-first heap   total reserved 897024K, committed 140288K, used 85014K [0x00000000c9400000, 0x0000000100000000)
  region size 1024K, 5 young (5120K), 5 survivors (5120K)
 Metaspace       used 63187K, committed 63744K, reserved 1114112K
  class space    used 5954K, committed 6208K, reserved 1048576K
}
Event: 28.252 GC heap before
{Heap before GC invocations=49 (full 0):
 garbage-first heap   total reserved 897024K, committed 140288K, used 114710K [0x00000000c9400000, 0x0000000100000000)
  region size 1024K, 40 young (40960K), 5 survivors (5120K)
 Metaspace       used 64691K, committed 65216K, reserved 1114112K
  class space    used 6103K, committed 6336K, reserved 1048576K
}
Event: 28.259 GC heap after
{Heap after GC invocations=50 (full 0):
 garbage-first heap   total reserved 897024K, committed 140288K, used 81433K [0x00000000c9400000, 0x0000000100000000)
  region size 1024K, 5 young (5120K), 5 survivors (5120K)
 Metaspace       used 64691K, committed 65216K, reserved 1114112K
  class space    used 6103K, committed 6336K, reserved 1048576K
}
Event: 29.324 GC heap before
{Heap before GC invocations=50 (full 0):
 garbage-first heap   total reserved 897024K, committed 140288K, used 120345K [0x00000000c9400000, 0x0000000100000000)
  region size 1024K, 43 young (44032K), 5 survivors (5120K)
 Metaspace       used 66475K, committed 66944K, reserved 1114112K
  class space    used 6303K, committed 6528K, reserved 1048576K
}

Dll operation events (14 events):
Event: 0.059 Loaded shared library C:\Program Files\Java\jdk-24\bin\java.dll
Event: 0.064 Loaded shared library C:\Program Files\Java\jdk-24\bin\zip.dll
Event: 0.132 Loaded shared library C:\Program Files\Java\jdk-24\bin\jsvml.dll
Event: 0.403 Loaded shared library C:\Program Files\Java\jdk-24\bin\instrument.dll
Event: 0.438 Loaded shared library C:\Program Files\Java\jdk-24\bin\zip.dll
Event: 0.442 Loaded shared library C:\Program Files\Java\jdk-24\bin\jimage.dll
Event: 0.496 Loaded shared library C:\Program Files\Java\jdk-24\bin\net.dll
Event: 0.500 Loaded shared library C:\Program Files\Java\jdk-24\bin\nio.dll
Event: 0.728 Loaded shared library C:\Program Files\JetBrains\IntelliJ IDEA Community Edition 2023.3.8\bin\breakgen64.dll
Event: 0.754 Loaded shared library C:\Program Files\Java\jdk-24\bin\extnet.dll
Event: 3.025 Loaded shared library C:\Program Files\Java\jdk-24\bin\management.dll
Event: 3.031 Loaded shared library C:\Program Files\Java\jdk-24\bin\management_ext.dll
Event: 7.296 Loaded shared library C:\Program Files\Java\jdk-24\bin\sunmscapi.dll
Event: 19.802 Loaded shared library C:\Program Files\Java\jdk-24\bin\verify.dll

Deoptimization events (20 events):
Event: 29.265 Thread 0x00000285d51e23b0 Uncommon trap: trap_request=0xffffff4d fr.pc=0x0000028587db4f30 relative=0x0000000000002c70
Event: 29.265 Thread 0x00000285d51e23b0 Uncommon trap: reason=unstable_if action=reinterpret pc=0x0000028587db4f30 method=org.springframework.beans.factory.support.AbstractBeanFactory.isTypeMatch(Ljava/lang/String;Lorg/springframework/core/ResolvableType;Z)Z @ 82 c2
Event: 29.265 Thread 0x00000285d51e23b0 DEOPT PACKING pc=0x0000028587db4f30 sp=0x0000008f4a9fdb80
Event: 29.265 Thread 0x00000285d51e23b0 DEOPT UNPACKING pc=0x0000028587646002 sp=0x0000008f4a9fdb08 mode 2
Event: 29.272 Thread 0x00000285d51e23b0 Uncommon trap: trap_request=0xffffffc6 fr.pc=0x0000028587d789ec relative=0x000000000000106c
Event: 29.272 Thread 0x00000285d51e23b0 Uncommon trap: reason=bimorphic_or_optimized_type_check action=maybe_recompile pc=0x0000028587d789ec method=org.springframework.core.annotation.AnnotationsScanner.processMethodHierarchy(Ljava/lang/Object;[ILjava/lang/Class;Lorg/springframework/core/annota
Event: 29.272 Thread 0x00000285d51e23b0 DEOPT PACKING pc=0x0000028587d789ec sp=0x0000008f4a9fd980
Event: 29.272 Thread 0x00000285d51e23b0 DEOPT UNPACKING pc=0x0000028587646002 sp=0x0000008f4a9fd900 mode 2
Event: 29.272 Thread 0x00000285d51e23b0 Uncommon trap: trap_request=0xffffffc6 fr.pc=0x0000028587d789ec relative=0x000000000000106c
Event: 29.272 Thread 0x00000285d51e23b0 Uncommon trap: reason=bimorphic_or_optimized_type_check action=maybe_recompile pc=0x0000028587d789ec method=org.springframework.core.annotation.AnnotationsScanner.processMethodHierarchy(Ljava/lang/Object;[ILjava/lang/Class;Lorg/springframework/core/annota
Event: 29.272 Thread 0x00000285d51e23b0 DEOPT PACKING pc=0x0000028587d789ec sp=0x0000008f4a9fd880
Event: 29.272 Thread 0x00000285d51e23b0 DEOPT UNPACKING pc=0x0000028587646002 sp=0x0000008f4a9fd830 mode 2
Event: 29.272 Thread 0x00000285d51e23b0 Uncommon trap: trap_request=0xffffffc6 fr.pc=0x0000028587d789ec relative=0x000000000000106c
Event: 29.272 Thread 0x00000285d51e23b0 Uncommon trap: reason=bimorphic_or_optimized_type_check action=maybe_recompile pc=0x0000028587d789ec method=org.springframework.core.annotation.AnnotationsScanner.processMethodHierarchy(Ljava/lang/Object;[ILjava/lang/Class;Lorg/springframework/core/annota
Event: 29.272 Thread 0x00000285d51e23b0 DEOPT PACKING pc=0x0000028587d789ec sp=0x0000008f4a9fd7b0
Event: 29.272 Thread 0x00000285d51e23b0 DEOPT UNPACKING pc=0x0000028587646002 sp=0x0000008f4a9fd760 mode 2
Event: 29.274 Thread 0x00000285d51e23b0 Uncommon trap: trap_request=0xffffff4d fr.pc=0x0000028587d978dc relative=0x00000000000007bc
Event: 29.274 Thread 0x00000285d51e23b0 Uncommon trap: reason=unstable_if action=reinterpret pc=0x0000028587d978dc method=org.springframework.core.annotation.TypeMappedAnnotations.isMappingForType(Lorg/springframework/core/annotation/AnnotationTypeMapping;Lorg/springframework/core/annotation/An
Event: 29.274 Thread 0x00000285d51e23b0 DEOPT PACKING pc=0x0000028587d978dc sp=0x0000008f4a9fd830
Event: 29.274 Thread 0x00000285d51e23b0 DEOPT UNPACKING pc=0x0000028587646002 sp=0x0000008f4a9fd7f8 mode 2

Classes loaded (20 events):
Event: 29.311 Loading class org/springframework/util/MimeTypeUtils
Event: 29.311 Loading class org/springframework/util/MimeTypeUtils done
Event: 29.315 Loading class org/springframework/util/MimeType
Event: 29.315 Loading class org/springframework/util/MimeType done
Event: 29.315 Loading class org/springframework/util/MimeType
Event: 29.315 Loading class org/springframework/util/MimeType done
Event: 29.316 Loading class org/springframework/util/ConcurrentLruCache$CacheEntry
Event: 29.316 Loading class org/springframework/util/ConcurrentLruCache$CacheEntry done
Event: 29.317 Loading class org/springframework/util/ConcurrentLruCache$CacheEntryState
Event: 29.317 Loading class org/springframework/util/ConcurrentLruCache$CacheEntryState done
Event: 29.318 Loading class org/springframework/util/ConcurrentLruCache$Node
Event: 29.318 Loading class org/springframework/util/ConcurrentLruCache$Node done
Event: 29.319 Loading class org/springframework/util/ConcurrentLruCache$AddTask
Event: 29.319 Loading class org/springframework/util/ConcurrentLruCache$AddTask done
Event: 29.322 Loading class org/springframework/http/MediaType
Event: 29.322 Loading class org/springframework/http/MediaType done
Event: 29.322 Loading class org/springframework/web/servlet/mvc/condition/RequestConditionHolder
Event: 29.322 Loading class org/springframework/web/servlet/mvc/condition/RequestConditionHolder done
Event: 29.323 Loading class org/springframework/web/servlet/mvc/method/RequestMappingInfo$DefaultBuilder
Event: 29.323 Loading class org/springframework/web/servlet/mvc/method/RequestMappingInfo$DefaultBuilder done

Classes unloaded (0 events):
No events

Classes redefined (0 events):
No events

Internal exceptions (20 events):
Event: 12.893 Thread 0x00000285d51e23b0 Exception <a 'java/lang/NoSuchMethodError'{0x00000000cc9d7258}: 'void java.lang.invoke.DelegatingMethodHandle$Holder.reinvoke_L(java.lang.Object, java.lang.Object, java.lang.Object, java.lang.Object, int, java.lang.Object, java.lang.Object, java.lang.Object)'> (0x00000000cc9d7258) 
thrown [s\open\src\hotspot\share\interpreter\linkResolver.cpp, line 805]
Event: 12.897 Thread 0x00000285d51e23b0 Exception <a 'java/lang/NoSuchMethodError'{0x00000000cc82c538}: 'java.lang.Object java.lang.invoke.DirectMethodHandle$Holder.invokeStatic(java.lang.Object, java.lang.Object, java.lang.Object, java.lang.Object, java.lang.Object, java.lang.Object, java.lang.Object, java.lang.Object, java.lang.Object, java.lang.Object)'> (0x00000000cc82c538) 
thrown [s\open\src\hotspot\share\interpreter\linkResolver.cpp, line 805]
Event: 15.000 Thread 0x00000285d51e23b0 Implicit null exception at 0x0000028587bb5314 to 0x0000028587bb58b8
Event: 15.001 Thread 0x00000285d51e23b0 Implicit null exception at 0x0000028587b6cb70 to 0x0000028587b6d044
Event: 22.838 Thread 0x00000285d51e23b0 Exception <a 'sun/nio/fs/WindowsException'{0x00000000ce1f66f0}> (0x00000000ce1f66f0) 
thrown [s\open\src\hotspot\share\prims\jni.cpp, line 518]
Event: 22.974 Thread 0x00000285d51e23b0 Exception <a 'java/lang/NoSuchMethodError'{0x00000000cda78788}: 'int java.lang.invoke.DirectMethodHandle$Holder.invokeInterface(java.lang.Object, java.lang.Object, int)'> (0x00000000cda78788) 
thrown [s\open\src\hotspot\share\interpreter\linkResolver.cpp, line 805]
Event: 22.974 Thread 0x00000285d51e23b0 Exception <a 'java/lang/IncompatibleClassChangeError'{0x00000000cda80bd8}: Found class java.lang.Object, but interface was expected> (0x00000000cda80bd8) 
thrown [s\open\src\hotspot\share\interpreter\linkResolver.cpp, line 872]
Event: 24.335 Thread 0x00000285d51e23b0 Exception <a 'java/lang/NoSuchMethodError'{0x00000000ce80ace0}: 'int java.lang.invoke.Invokers$Holder.invokeExact_MT(java.lang.Object, java.lang.Object)'> (0x00000000ce80ace0) 
thrown [s\open\src\hotspot\share\interpreter\linkResolver.cpp, line 805]
Event: 24.497 Thread 0x00000285d51e23b0 Exception <a 'java/lang/NoSuchMethodError'{0x00000000ce097f58}: 'java.lang.Object java.lang.invoke.DirectMethodHandle$Holder.newInvokeSpecial(java.lang.Object, java.lang.Object, java.lang.Object, java.lang.Object, java.lang.Object, int, java.lang.Object)'> (0x00000000ce097f58) 
thrown [s\open\src\hotspot\share\interpreter\linkResolver.cpp, line 805]
Event: 25.745 Thread 0x00000285d51e23b0 Exception <a 'java/lang/IncompatibleClassChangeError'{0x00000000ce5f4950}: Found class java.lang.Object, but interface was expected> (0x00000000ce5f4950) 
thrown [s\open\src\hotspot\share\interpreter\linkResolver.cpp, line 872]
Event: 25.820 Thread 0x00000285d51e23b0 Exception <a 'java/lang/NoSuchMethodError'{0x00000000cdb4c690}: 'java.lang.Object java.lang.invoke.DirectMethodHandle$Holder.invokeStatic(java.lang.Object, java.lang.Object, int, java.lang.Object)'> (0x00000000cdb4c690) 
thrown [s\open\src\hotspot\share\interpreter\linkResolver.cpp, line 805]
Event: 25.821 Thread 0x00000285d51e23b0 Exception <a 'java/lang/NoSuchMethodError'{0x00000000cdb54850}: 'java.lang.Object java.lang.invoke.DirectMethodHandle$Holder.invokeStaticInit(java.lang.Object, java.lang.Object, int, java.lang.Object)'> (0x00000000cdb54850) 
thrown [s\open\src\hotspot\share\interpreter\linkResolver.cpp, line 805]
Event: 28.642 Thread 0x00000285d51e23b0 Exception <a 'java/lang/NoSuchMethodError'{0x00000000d16c9570}: 'java.lang.Object java.lang.invoke.DirectMethodHandle$Holder.newInvokeSpecial(java.lang.Object, java.lang.Object, java.lang.Object, java.lang.Object, java.lang.Object, java.lang.Object, java.lang.Object, java.lang.Object, java.lang.Object, java.lang.Object, java.lang.Object)'> (0x00000000d16c9570) 
thrown [s\open\src\hotspot\share\interpreter\linkResolver.cpp, line 805]
Event: 28.905 Thread 0x00000285d51e23b0 Exception <a 'java/io/IOException'{0x00000000d1121fe0}> (0x00000000d1121fe0) 
thrown [s\open\src\hotspot\share\prims\jni.cpp, line 518]
Event: 28.983 Thread 0x00000285d51e23b0 Exception <a 'java/lang/NoClassDefFoundError'{0x00000000d0ca61e8}: kotlinx/serialization/SerialFormat> (0x00000000d0ca61e8) 
thrown [s\open\src\hotspot\share\classfile\systemDictionary.cpp, line 316]
Event: 28.983 Thread 0x00000285d51e23b0 Exception <a 'java/lang/NoClassDefFoundError'{0x00000000d0ca7ad0}: kotlinx/serialization/SerialFormat> (0x00000000d0ca7ad0) 
thrown [s\open\src\hotspot\share\classfile\systemDictionary.cpp, line 316]
Event: 29.041 Thread 0x00000285d51e23b0 Exception <a 'java/lang/NoSuchMethodError'{0x00000000d09345f8}: 'void java.lang.invoke.Invokers$Holder.invokeExact_MT(java.lang.Object, java.lang.Object, java.lang.Object, java.lang.Object)'> (0x00000000d09345f8) 
thrown [s\open\src\hotspot\share\interpreter\linkResolver.cpp, line 805]
Event: 29.113 Thread 0x00000285d51e23b0 Exception <a 'java/lang/NoSuchMethodError'{0x00000000d0774098}: 'java.lang.Object java.lang.invoke.DirectMethodHandle$Holder.invokeVirtual(java.lang.Object, java.lang.Object, java.lang.Object, int)'> (0x00000000d0774098) 
thrown [s\open\src\hotspot\share\interpreter\linkResolver.cpp, line 805]
Event: 29.208 Thread 0x00000285d51e23b0 Exception <a 'java/lang/NoSuchMethodError'{0x00000000cff6a0d8}: 'java.lang.Object java.lang.invoke.DirectMethodHandle$Holder.invokeVirtual(java.lang.Object, java.lang.Object, int)'> (0x00000000cff6a0d8) 
thrown [s\open\src\hotspot\share\interpreter\linkResolver.cpp, line 805]
Event: 29.274 Thread 0x00000285d51e23b0 Implicit null exception at 0x0000028587d972d5 to 0x0000028587d978c8

VM Operations (20 events):
Event: 27.247 Executing VM operation: G1PauseRemark done
Event: 27.299 Executing VM operation: G1PauseCleanup
Event: 27.299 Executing VM operation: G1PauseCleanup done
Event: 27.311 Executing VM operation: G1CollectForAllocation (G1 Evacuation Pause)
Event: 27.318 Executing VM operation: G1CollectForAllocation (G1 Evacuation Pause) done
Event: 27.675 Executing VM operation: G1CollectForAllocation (G1 Evacuation Pause)
Event: 27.680 Executing VM operation: G1CollectForAllocation (G1 Evacuation Pause) done
Event: 27.909 Executing VM operation: G1TryInitiateConcMark (G1 Humongous Allocation)
Event: 27.916 Executing VM operation: G1TryInitiateConcMark (G1 Humongous Allocation) done
Event: 28.035 Executing VM operation: G1PauseRemark
Event: 28.040 Executing VM operation: G1PauseRemark done
Event: 28.085 Executing VM operation: G1PauseCleanup
Event: 28.085 Executing VM operation: G1PauseCleanup done
Event: 28.252 Executing VM operation: G1CollectForAllocation (G1 Evacuation Pause)
Event: 28.259 Executing VM operation: G1CollectForAllocation (G1 Evacuation Pause) done
Event: 28.986 Executing VM operation: HandshakeAllThreads (Deoptimize)
Event: 28.986 Executing VM operation: HandshakeAllThreads (Deoptimize) done
Event: 29.030 Executing VM operation: HandshakeAllThreads (Deoptimize)
Event: 29.030 Executing VM operation: HandshakeAllThreads (Deoptimize) done
Event: 29.324 Executing VM operation: G1CollectForAllocation (G1 Evacuation Pause)

Memory protections (0 events):
No events

Nmethod flushes (20 events):
Event: 28.040 Thread 0x00000285d016c5a0 flushing  nmethod 0x000002858066f888
Event: 28.040 Thread 0x00000285d016c5a0 flushing  nmethod 0x0000028580670b08
Event: 28.040 Thread 0x00000285d016c5a0 flushing  nmethod 0x0000028587cc3a88
Event: 28.040 Thread 0x00000285d016c5a0 flushing  nmethod 0x0000028580075c08
Event: 28.040 Thread 0x00000285d016c5a0 flushing  nmethod 0x00000285800bc308
Event: 28.040 Thread 0x00000285d016c5a0 flushing  nmethod 0x00000285800f8d08
Event: 28.040 Thread 0x00000285d016c5a0 flushing  nmethod 0x0000028580139b08
Event: 28.040 Thread 0x00000285d016c5a0 flushing  nmethod 0x0000028580245e88
Event: 28.040 Thread 0x00000285d016c5a0 flushing  nmethod 0x00000285802e2508
Event: 28.040 Thread 0x00000285d016c5a0 flushing  nmethod 0x000002858036f508
Event: 28.040 Thread 0x00000285d016c5a0 flushing  nmethod 0x0000028580406188
Event: 28.040 Thread 0x00000285d016c5a0 flushing  nmethod 0x0000028580436308
Event: 28.040 Thread 0x00000285d016c5a0 flushing  nmethod 0x000002858049d108
Event: 28.040 Thread 0x00000285d016c5a0 flushing  nmethod 0x000002858049d608
Event: 28.040 Thread 0x00000285d016c5a0 flushing  nmethod 0x0000028580561508
Event: 28.040 Thread 0x00000285d016c5a0 flushing  nmethod 0x0000028580577c88
Event: 28.040 Thread 0x00000285d016c5a0 flushing  nmethod 0x00000285805c1b88
Event: 28.040 Thread 0x00000285d016c5a0 flushing  nmethod 0x0000028580781688
Event: 28.040 Thread 0x00000285d016c5a0 flushing  nmethod 0x00000285807add88
Event: 28.040 Thread 0x00000285d016c5a0 flushing  nmethod 0x00000285807af388

Events (20 events):
Event: 6.717 Thread 0x00000285d53ff920 Thread exited: 0x00000285d53ff920
Event: 7.307 Thread 0x00000285d698c110 Thread exited: 0x00000285d698c110
Event: 12.476 Thread 0x00000285d51e23b0 Thread added: 0x00000285d53ff920
Event: 12.478 Thread 0x00000285d53ff920 Thread added: 0x00000285d53fe330
Event: 12.492 Thread 0x00000285d51e23b0 Thread added: 0x00000285d53fc5f0
Event: 21.060 Thread 0x00000285d01a4e50 Thread added: 0x00000285d6efe130
Event: 21.467 Thread 0x00000285d6efe130 Thread exited: 0x00000285d6efe130
Event: 21.547 Thread 0x00000285d01a4e50 Thread added: 0x00000285d6efc2f0
Event: 22.320 Thread 0x00000285d6efc2f0 Thread exited: 0x00000285d6efc2f0
Event: 22.977 Thread 0x00000285d01a4e50 Thread added: 0x00000285d9b40860
Event: 24.159 Thread 0x00000285d9b40860 Thread exited: 0x00000285d9b40860
Event: 24.268 Thread 0x00000285d01a4e50 Thread added: 0x00000285d9b41780
Event: 25.110 Thread 0x00000285d9b41780 Thread exited: 0x00000285d9b41780
Event: 25.173 Thread 0x00000285d01a4e50 Thread added: 0x00000285d9b43d50
Event: 25.658 Thread 0x00000285d9b43d50 Thread exited: 0x00000285d9b43d50
Event: 25.843 Thread 0x00000285d01a4e50 Thread added: 0x00000285d9b43d50
Event: 25.985 Thread 0x00000285d9b43d50 Thread exited: 0x00000285d9b43d50
Event: 26.530 Thread 0x00000285d01a4e50 Thread added: 0x00000285d9b45b90
Event: 27.137 Thread 0x00000285d9b45b90 Thread exited: 0x00000285d9b45b90
Event: 28.347 Thread 0x00000285d018a210 Thread added: 0x00000285da112ea0


Dynamic libraries:
0x00007ff690f90000 - 0x00007ff690fa0000 	C:\Program Files\Java\jdk-24\bin\java.exe
0x00007ffc6b2e0000 - 0x00007ffc6b543000 	C:\WINDOWS\SYSTEM32\ntdll.dll
0x00007ffc69a10000 - 0x00007ffc69ad8000 	C:\WINDOWS\System32\KERNEL32.DLL
0x00007ffc68720000 - 0x00007ffc68ad4000 	C:\WINDOWS\System32\KERNELBASE.dll
0x00007ffc68e00000 - 0x00007ffc68f4b000 	C:\WINDOWS\System32\ucrtbase.dll
0x00007ffc4ac60000 - 0x00007ffc4ac76000 	C:\Program Files\Java\jdk-24\bin\jli.dll
0x00007ffc69140000 - 0x00007ffc69308000 	C:\WINDOWS\System32\USER32.dll
0x00007ffc68ae0000 - 0x00007ffc68b07000 	C:\WINDOWS\System32\win32u.dll
0x00007ffc6ad50000 - 0x00007ffc6ad7a000 	C:\WINDOWS\System32\GDI32.dll
0x00007ffc68ff0000 - 0x00007ffc6911b000 	C:\WINDOWS\System32\gdi32full.dll
0x00007ffc68bd0000 - 0x00007ffc68c73000 	C:\WINDOWS\System32\msvcp_win.dll
0x00007ffc4e7c0000 - 0x00007ffc4ea50000 	C:\WINDOWS\WinSxS\amd64_microsoft.windows.common-controls_6595b64144ccf1df_6.0.26100.2494_none_3e0f69cae32e12bc\COMCTL32.dll
0x00007ffc6aad0000 - 0x00007ffc6ab79000 	C:\WINDOWS\System32\msvcrt.dll
0x00007ffc489f0000 - 0x00007ffc48a0b000 	C:\Program Files\Java\jdk-24\bin\VCRUNTIME140.dll
0x00007ffc6b010000 - 0x00007ffc6b03f000 	C:\WINDOWS\System32\IMM32.DLL
0x00007ffc4ac50000 - 0x00007ffc4ac5c000 	C:\Program Files\Java\jdk-24\bin\vcruntime140_1.dll
0x00007ffc36b50000 - 0x00007ffc36bde000 	C:\Program Files\Java\jdk-24\bin\msvcp140.dll
0x00007ffc197a0000 - 0x00007ffc1a541000 	C:\Program Files\Java\jdk-24\bin\server\jvm.dll
0x00007ffc6ac90000 - 0x00007ffc6ad43000 	C:\WINDOWS\System32\ADVAPI32.dll
0x00007ffc6af60000 - 0x00007ffc6b006000 	C:\WINDOWS\System32\sechost.dll
0x00007ffc6b130000 - 0x00007ffc6b246000 	C:\WINDOWS\System32\RPCRT4.dll
0x00007ffc6b050000 - 0x00007ffc6b0c4000 	C:\WINDOWS\System32\WS2_32.dll
0x00007ffc68520000 - 0x00007ffc6856e000 	C:\WINDOWS\SYSTEM32\POWRPROF.dll
0x00007ffc5e710000 - 0x00007ffc5e746000 	C:\WINDOWS\SYSTEM32\WINMM.dll
0x00007ffc60a30000 - 0x00007ffc60a3b000 	C:\WINDOWS\SYSTEM32\VERSION.dll
0x00007ffc68500000 - 0x00007ffc68514000 	C:\WINDOWS\SYSTEM32\UMPDC.dll
0x00007ffc674d0000 - 0x00007ffc674ea000 	C:\WINDOWS\SYSTEM32\kernel.appcore.dll
0x00007ffc4ac10000 - 0x00007ffc4ac1a000 	C:\Program Files\Java\jdk-24\bin\jimage.dll
0x00007ffc61130000 - 0x00007ffc61371000 	C:\WINDOWS\SYSTEM32\DBGHELP.DLL
0x00007ffc694b0000 - 0x00007ffc6982e000 	C:\WINDOWS\System32\combase.dll
0x00007ffc6ae80000 - 0x00007ffc6af56000 	C:\WINDOWS\System32\OLEAUT32.dll
0x00007ffc50150000 - 0x00007ffc50189000 	C:\WINDOWS\SYSTEM32\dbgcore.DLL
0x00007ffc68f50000 - 0x00007ffc68fe9000 	C:\WINDOWS\System32\bcryptPrimitives.dll
0x00007ffc4a380000 - 0x00007ffc4a38f000 	C:\Program Files\Java\jdk-24\bin\instrument.dll
0x00007ffc46c10000 - 0x00007ffc46c2e000 	C:\Program Files\Java\jdk-24\bin\java.dll
0x00007ffc6a930000 - 0x00007ffc6aac5000 	C:\WINDOWS\System32\ole32.dll
0x00007ffc6a220000 - 0x00007ffc6a922000 	C:\WINDOWS\System32\SHELL32.dll
0x00007ffc45ce0000 - 0x00007ffc45cf7000 	C:\Program Files\Java\jdk-24\bin\zip.dll
0x00007ffc663e0000 - 0x00007ffc66c17000 	C:\WINDOWS\SYSTEM32\windows.storage.dll
0x00007ffc6a0c0000 - 0x00007ffc6a1a9000 	C:\WINDOWS\System32\SHCORE.dll
0x00007ffc6a1b0000 - 0x00007ffc6a20d000 	C:\WINDOWS\System32\shlwapi.dll
0x00007ffc685a0000 - 0x00007ffc685ce000 	C:\WINDOWS\SYSTEM32\profapi.dll
0x00007ffc2afa0000 - 0x00007ffc2b077000 	C:\Program Files\Java\jdk-24\bin\jsvml.dll
0x00007ffc489e0000 - 0x00007ffc489f0000 	C:\Program Files\Java\jdk-24\bin\net.dll
0x00007ffc679d0000 - 0x00007ffc67a38000 	C:\WINDOWS\system32\mswsock.dll
0x00007ffc45b40000 - 0x00007ffc45b56000 	C:\Program Files\Java\jdk-24\bin\nio.dll
0x00007ffc44790000 - 0x00007ffc447aa000 	C:\Program Files\JetBrains\IntelliJ IDEA Community Edition 2023.3.8\bin\breakgen64.dll
0x00007ffc489c0000 - 0x00007ffc489c9000 	C:\Program Files\Java\jdk-24\bin\extnet.dll
0x00007ffc47dd0000 - 0x00007ffc47dda000 	C:\Program Files\Java\jdk-24\bin\management.dll
0x00007ffc47a50000 - 0x00007ffc47a5b000 	C:\Program Files\Java\jdk-24\bin\management_ext.dll
0x00007ffc6a210000 - 0x00007ffc6a218000 	C:\WINDOWS\System32\PSAPI.DLL
0x00007ffc46c00000 - 0x00007ffc46c0e000 	C:\Program Files\Java\jdk-24\bin\sunmscapi.dll
0x00007ffc68c80000 - 0x00007ffc68df6000 	C:\WINDOWS\System32\CRYPT32.dll
0x00007ffc67e70000 - 0x00007ffc67ea0000 	C:\WINDOWS\SYSTEM32\ncrypt.dll
0x00007ffc67e20000 - 0x00007ffc67e5f000 	C:\WINDOWS\SYSTEM32\NTASN1.dll
0x00007ffc67c70000 - 0x00007ffc67c8c000 	C:\WINDOWS\SYSTEM32\CRYPTSP.dll
0x00007ffc67430000 - 0x00007ffc67468000 	C:\WINDOWS\system32\rsaenh.dll
0x00007ffc67a70000 - 0x00007ffc67a9b000 	C:\WINDOWS\SYSTEM32\USERENV.dll
0x00007ffc67eb0000 - 0x00007ffc67ed6000 	C:\WINDOWS\SYSTEM32\bcrypt.dll
0x00007ffc67c90000 - 0x00007ffc67c9c000 	C:\WINDOWS\SYSTEM32\CRYPTBASE.dll
0x00007ffc66f10000 - 0x00007ffc66f42000 	C:\WINDOWS\SYSTEM32\IPHLPAPI.DLL
0x00007ffc6a0b0000 - 0x00007ffc6a0ba000 	C:\WINDOWS\System32\NSI.dll
0x00007ffc45b30000 - 0x00007ffc45b40000 	C:\Program Files\Java\jdk-24\bin\verify.dll
0x00007ffc66fa0000 - 0x00007ffc670c5000 	C:\WINDOWS\SYSTEM32\DNSAPI.dll
0x00007ffc58eb0000 - 0x00007ffc58ebb000 	C:\Windows\System32\rasadhlp.dll
0x00007ffc5e750000 - 0x00007ffc5e7d5000 	C:\WINDOWS\System32\fwpuclnt.dll

JVMTI agents:
C:\Users\hp\AppData\Local\JetBrains\IdeaIC2023.3\testAgent\intellij-coverage-agent-1.0.738.jar path:C:\Program Files\Java\jdk-24\bin\instrument.dll, loaded, initialized, instrumentlib options:C:\Users\hp\AppData\Local\Temp\coverage1args
C:\Program Files\JetBrains\IntelliJ IDEA Community Edition 2023.3.8\lib\idea_rt.jar path:C:\Program Files\Java\jdk-24\bin\instrument.dll, loaded, initialized, instrumentlib options:63069:C:\Program Files\JetBrains\IntelliJ IDEA Community Edition 2023.3.8\bin

dbghelp: loaded successfully - version: 4.0.5 - missing functions: none
symbol engine: initialized successfully - sym options: 0x614 - pdb path: .;C:\Program Files\Java\jdk-24\bin;C:\WINDOWS\SYSTEM32;C:\WINDOWS\WinSxS\amd64_microsoft.windows.common-controls_6595b64144ccf1df_6.0.26100.2494_none_3e0f69cae32e12bc;C:\Program Files\Java\jdk-24\bin\server;C:\Program Files\JetBrains\IntelliJ IDEA Community Edition 2023.3.8\bin

VM Arguments:
jvm_args: -javaagent:C:\Users\hp\AppData\Local\JetBrains\IdeaIC2023.3\testAgent\intellij-coverage-agent-1.0.738.jar=C:\Users\hp\AppData\Local\Temp\coverage1args -javaagent:C:\Program Files\JetBrains\IntelliJ IDEA Community Edition 2023.3.8\lib\idea_rt.jar=63069:C:\Program Files\JetBrains\IntelliJ IDEA Community Edition 2023.3.8\bin -Dfile.encoding=UTF-8 -Dsun.stdout.encoding=UTF-8 -Dsun.stderr.encoding=UTF-8 
java_command: com.programacionMovil.demo.BusApplicationKt
java_class_path (initial): C:\Users\hp\Downloads\demo\demo\build\classes\kotlin\main;C:\Users\hp\Downloads\demo\demo\build\resources\main;C:\Users\hp\.gradle\caches\modules-2\files-2.1\com.fasterxml.jackson.module\jackson-module-kotlin\2.20.0\4008f53ae3b50ecab1da28fe31dd104349b3d5b7\jackson-module-kotlin-2.20.0.jar;C:\Users\hp\.gradle\caches\modules-2\files-2.1\org.jetbrains.kotlin\kotlin-reflect\2.2.10\98d0ca9819d98cb3aa5c0a25793830b6659feee2\kotlin-reflect-2.2.10.jar;C:\Users\hp\.gradle\caches\modules-2\files-2.1\org.jetbrains.kotlin\kotlin-stdlib\2.2.10\30de6faa127a4a012db8e71bf1b9c0a99b1402b2\kotlin-stdlib-2.2.10.jar;C:\Users\hp\.gradle\caches\modules-2\files-2.1\org.springframework.boot\spring-boot-starter-data-jpa\4.0.0-M3\9ad0389c306d980695b307f000d56736f261ea3\spring-boot-starter-data-jpa-4.0.0-M3.jar;C:\Users\hp\.gradle\caches\modules-2\files-2.1\org.springframework.boot\spring-boot-starter-webmvc\4.0.0-M3\39d5770ec3a2c19027537a12eaac5656da1c865\spring-boot-starter-webmvc-4.0.0-M3.jar;C:\Users\hp\.gradle\caches\modules-2\files-2.1\com.fasterxml.jackson.core\jackson-databind\2.20.0\f0a5e62fbd21285e9a5498a60dccb097e1ef793b\jackson-databind-2.20.0.jar;C:\Users\hp\.gradle\caches\modules-2\files-2.1\com.fasterxml.jackson.core\jackson-annotations\2.20\6a5e7291ea3f2b590a7ce400adb7b3aea4d7e12c\jackson-annotations-2.20.jar;C:\Users\hp\.gradle\caches\modules-2\files-2.1\org.jetbrains\annotations\13.0\919f0dfe192fb4e063e7dacadee7f8bb9a2672a9\annotations-13.0.jar;C:\Users\hp\.gradle\caches\modules-2\files-2.1\org.springframework.boot\spring-boot-starter-jdbc\4.0.0-M3\7075c55675b496d8197b9fcdac21210aff88e11\spring-boot-starter-jdbc-4.0.0-M3.jar;C:\Users\hp\.gradle\caches\modules-2\files-2.1\org.springframework.boot\spring-boot-starter\4.0.0-M3\49eb6998717cf364fda666e7b841b3f3b9e20221\spring-boot-starter-4.0.0-M3.jar;C:\Users\hp\.gradle\caches\modules-2\files-2.1\org.springframework.boot\spring-boot-data-jpa\4.0.0-M3\20ca6b31c1bba58541a856f9c245656415badc57\spring-boot-data-jpa-4.0.0-M3.jar;C:\Users\hp\.gradle\caches\modules-2\files-2.1\org.springframework.boot\spring-boot-jdbc\4.0.0-M3\18549b63b56e91c0b8be41dc61819790fb184624\spring-boot-jdbc-4.0.0-M3.jar;C:\Users\hp\.gradle\caches\modules-2\files-2.1\org.springframework.boot\spring-boot-starter-jackson\4.0.0-M3\4c27e4a41173a48e615906171a9abbeed0c06689\spring-boot-starter-jackson-4.0.0-M3.jar;C:\Users\hp\.gradle\caches\modules-2\files-2.1\org.springframework.boot\spring-boot-starter-tomcat\4.0.0-M3\1869ef1320db0d79af19c680a671aed300c98956\spring-boot-starter-tomcat-4.0.0-M3.jar;C:\Users\hp\.gradle\caches\modules-2\files-2.1\org.springframework.boot\spring-boot-http-converter\4.0.0-M3\1ce2bdb1dcb4be42cdc716b8eff5f39cd3b05df4\spring-boot-http-converter-4.0.0-M3.jar;C:\Users\hp\.gradle\caches\modules-2\files-2.1\org.springframework.boot\spring-boot-webmvc\4.0.0-M3\239b2114a4525309cc398363a63dda63557e0456\spring-boot-webmvc-4.0.0-M3.jar;C:\Users\hp\.gradle\caches\modules-2\files-2.1\com.fasterxml.jackson.core\jackson-core\2.20.0\3c97f7fad069f7cfae639d790bd93d6a0b2dff31\jackson-core-2.20.0.jar;C:\Users\hp\.gradle\caches\modules-2\files-2.1\com.zaxxer\HikariCP\7.0.2\c2b43c946b86a14a96342379e22b004c56c6166d\HikariCP-7.0.2.jar;C:\Users\hp\.gradle\caches\modules-2\files-2.1\org.springframework.boot\spring-boot-starter-logging\4.0.0-M3\526d1967f3c8de2bf5891c41dce23fb6b32529c5\spring-boot-starter-logging-4.0.0-M3.jar;C:\Users\hp\.gradle\caches\modules-2\files-2.1\org.springframework.boot\spring-boot-autoconfigure\4.0.0-M3\ab52b9e7da3fb5d41de3f53fa5f3145dfd2fdf77\spring-boot-autoconfigure-4.0.0-M3.jar;C:\Users\hp\.gradle\caches\modules-2\files-2.1\jakarta.annotation\jakarta.annotation-api\3.0.0\54f928fadec906a99d558536756d171917b9d936\jakarta.annotation-api-3.0.0.jar;C:\Users\hp\.gradle\caches\modules-2\files-2.1\org.yaml\snakeyaml\2.5\2d53ddec134280cb384c1e35d094e5f71c1f2316\snakeyaml-2.5.jar;C:\Users\hp\.gradle\caches\modules-2\files-2.1\org.springframework.boot\spring-boot-hibernate\4.0.0-M3\160bf12ba4a5086cc0532e87991a6a605c1bf3b7\spring-boot-hibernate-4.0.0-M3.jar;C:\Users\hp\.gradle\caches\modules-2\files-2.1\org.springframework.data\spring-data-jpa\4.0.0-M6\92eadfa6864873ea6f9dfa5bfbb9a1ca0bda2056\spring-data-jpa-4.0.0-M6.jar;C:\Users\hp\.gradle\caches\modules-2\files-2.1\org.springframework.boot\spring-boot-data-commons\4.0.0-M3\16a5f59eb2f6c0a73af85b7a645dd9c84b02b2cd\spring-boot-data-commons-4.0.0-M3.jar;C:\Users\hp\.gradle\caches\modules-2\files-2.1\org.springframework\spring-aspects\7.0.0-M9\ba1e79e211c32a5061eb0b8be22644a9038b5096\spring-aspects-7.0.0-M9.jar;C:\Users\hp\.gradle\caches\modules-2\files-2.1\org.springframework.boot\spring-boot-sql\4.0.0-M3\e410e5faa10c4b7e3382b045145f91cce1d04ab9\spring-boot-sql-4.0.0-M3.jar;C:\Users\hp\.gradle\caches\modules-2\files-2.1\org.springframework.boot\spring-boot\4.0.0-M3\d99cc69ac2a6c78ae6a0873b8d57c45fd7ae438a\spring-boot-4.0.0-M3.jar;C:\Users\hp\.gradle\caches\modules-2\files-2.1\org.springframework\spring-jdbc\7.0.0-M9\45a59836f2441a5ad3f835e730468c74e6a62fdf\spring-jdbc-7.0.0-M9.jar;C:\Users\hp\.gradle\caches\modules-2\files-2.1\org.springframework.boot\spring-boot-jackson\4.0.0-M3\3770f287e98553f3c7a5012e1998a5d266aea80a\spring-boot-jackson-4.0.0-M3.jar;C:\Users\hp\.gradle\caches\modules-2\files-2.1\org.springframework.boot\spring-boot-tomcat\4.0.0-M3\3b6c0f0cb4e2874e86bb003c0eb8901ec940d98f\spring-boot-tomcat-4.0.0-M3.jar;C:\Users\hp\.gradle\caches\modules-2\files-2.1\org.apache.tomcat.embed\tomcat-embed-el\11.0.11\2ca28b8d351c5d4399d7eb5074082c930b4a0c44\tomcat-embed-el-11.0.11.jar;C:\Users\hp\.gradle\caches\modules-2\files-2.1\org.apache.tomcat.embed\tomcat-embed-websocket\11.0.11\6d1c3cd4f154171f3e1a6f5b7c9e5cdf18544ff7\tomcat-embed-websocket-11.0.11.jar;C:\Users\hp\.gradle\caches\modules-2\files-2.1\org.springframework\spring-web\7.0.0-M9\ff20ac5eca8e00aa631ee49e6fdcf59499c270d9\spring-web-7.0.0-M9.jar;C:\Users\hp\.gradle\caches\modules-2\files-2.1\org.springframework.boot\spring-boot-servlet\4.0.0-M3\73ba9f9052a285734fa18cdb05a2035b410db005\spring-boot-servlet-4.0.0-M3.jar;C:\Users\hp\.gradle\caches\modules-2\files-2.1\org.springframework\spring-webmvc\7.0.0-M9\29918c4c7297cd7f62c50be2ea901e44624dba40\spring-webmvc-7.0.0-M9.jar;C:\Users\hp\.gradle\caches\modules-2\files-2.1\org.slf4j\slf4j-api\2.0.17\d9e58ac9c7779ba3bf8142aff6c830617a7fe60f\slf4j-api-2.0.17.jar;C:\Users\hp\.gradle\caches\modules-2\files-2.1\ch.qos.logback\logback-classic\1.5.18\fc371f3fc97a639de2d67947cffb7518ec5e3d40\logback-classic-1.5.18.jar;C:\Users\hp\.gradle\caches\modules-2\files-2.1\org.apache.logging.log4j\log4j-to-slf4j\2.24.3\da1143e2a2531ee1c2d90baa98eb50a28a39d5a7\log4j-to-slf4j-2.24.3.jar;C:\Users\hp\.gradle\caches\modules-2\files-2.1\org.slf4j\jul-to-slf4j\2.0.17\524cb6ccc2b68a57604750e1ab8b13b5a786a6aa\jul-to-slf4j-2.0.17.jar;C:\Users\hp\.gradle\caches\modules-2\files-2.1\org.springframework.boot\spring-boot-jpa\4.0.0-M3\28fa92692149db0b1a81befdfb431e644d7df010\spring-boot-jpa-4.0.0-M3.jar;C:\Users\hp\.gradle\caches\modules-2\files-2.1\org.springframework\spring-orm\7.0.0-M9\22b136ca76f3890ba30a0dd5c5dd7ad700d548be\spring-orm-7.0.0-M9.jar;C:\Users\hp\.gradle\caches\modules-2\files-2.1\org.hibernate.orm\hibernate-core\7.1.1.Final\ef758e23453f219771a7fdb020f2fd047ca830bc\hibernate-core-7.1.1.Final.jar;C:\Users\hp\.gradle\caches\modules-2\files-2.1\org.springframework.data\spring-data-commons\4.0.0-M6\49667be1faf477b5473d3e2721975a4b4cc067ab\spring-data-commons-4.0.0-M6.jar;C:\Users\hp\.gradle\caches\modules-2\files-2.1\org.springframework\spring-context\7.0.0-M9\8bfe00c51f1939026382d06c407edda3544a9d6e\spring-context-7.0.0-M9.jar;C:\Users\hp\.gradle\caches\modules-2\files-2.1\org.springframework\spring-aop\7.0.0-M9\c8032a1888364fac4ac9337b3c8d17591dd70b4a\spring-aop-7.0.0-M9.jar;C:\Users\hp\.gradle\caches\modules-2\files-2.1\org.springframework\spring-tx\7.0.0-M9\a1d6e101f76eac2104443b014c576f4e7798a7dd\spring-tx-7.0.0-M9.jar;C:\Users\hp\.gradle\caches\modules-2\files-2.1\org.springframework\spring-beans\7.0.0-M9\9e358b57a6a6449379a6e15db416d3a00786c04f\spring-beans-7.0.0-M9.jar;C:\Users\hp\.gradle\caches\modules-2\files-2.1\org.springframework\spring-core\7.0.0-M9\4618e3dcc6aba174c845d9522ec573b526afb2b4\spring-core-7.0.0-M9.jar;C:\Users\hp\.gradle\caches\modules-2\files-2.1\org.antlr\antlr4-runtime\4.13.2\fc3db6d844df652a3d5db31c87fa12757f13691d\antlr4-runtime-4.13.2.jar;C:\Users\hp\.gradle\caches\modules-2\files-2.1\org.springframework.boot\spring-boot-persistence\4.0.0-M3\8f510076452f54c7f2745e89db9bac6b3dc49f1a\spring-boot-persistence-4.0.0-M3.jar;C:\Users\hp\.gradle\caches\modules-2\files-2.1\org.aspectj\aspectjweaver\1.9.24\9b5aeb0cea9f958b9c57fb80e62996e95a3e9379\aspectjweaver-1.9.24.jar;C:\Users\hp\.gradle\caches\modules-2\files-2.1\tools.jackson.core\jackson-databind\3.0.0-rc9\1cdd2589730370a4cf1d3256d810d9cd998261a5\jackson-databind-3.0.0-rc9.jar;C:\Users\hp\.gradle\caches\modules-2\files-2.1\org.springframework.boot\spring-boot-web-server\4.0.0-M3\a83c32050d4f8f18ae5692e032ca9f4295eec248\spring-boot-web-server-4.0.0-M3.jar;C:\Users\hp\.gradle\caches\modules-2\files-2.1\org.apache.tomcat.embed\tomcat-embed-core\11.0.11\bf4789372b5e4cd553d9a68d38967d1cbb41daa2\tomcat-embed-core-11.0.11.jar;C:\Users\hp\.gradle\caches\modules-2\files-2.1\io.micrometer\micrometer-observation\1.16.0-M3\9fc29d24fb40605f443cc14a6319f25a1c6746bc\micrometer-observation-1.16.0-M3.jar;C:\Users\hp\.gradle\caches\modules-2\files-2.1\org.springframework\spring-expression\7.0.0-M9\77e196a784a7776a7fabe2308f3fb47ea96ebc08\spring-expression-7.0.0-M9.jar;C:\Users\hp\.gradle\caches\modules-2\files-2.1\ch.qos.logback\logback-core\1.5.18\6c0375624f6f36b4e089e2488ba21334a11ef13f\logback-core-1.5.18.jar;C:\Users\hp\.gradle\caches\modules-2\files-2.1\org.apache.logging.log4j\log4j-api\2.24.3\b02c125db8b6d295adf72ae6e71af5d83bce2370\log4j-api-2.24.3.jar;C:\Users\hp\.gradle\caches\modules-2\files-2.1\org.springframework.boot\spring-boot-tx\4.0.0-M3\98aecbae60c4c403c9a7979e4b0251bae350131\spring-boot-tx-4.0.0-M3.jar;C:\Users\hp\.gradle\caches\modules-2\files-2.1\jakarta.persistence\jakarta.persistence-api\3.2.0\bb75a113f3fa191c2c7ee7b206d8e674251b3129\jakarta.persistence-api-3.2.0.jar;C:\Users\hp\.gradle\caches\modules-2\files-2.1\jakarta.transaction\jakarta.transaction-api\2.0.1\51a520e3fae406abb84e2e1148e6746ce3f80a1a\jakarta.transaction-api-2.0.1.jar;C:\Users\hp\.gradle\caches\modules-2\files-2.1\commons-logging\commons-logging\1.3.5\a3fcc5d3c29b2b03433aa2d2f2d2c1b1638924a1\commons-logging-1.3.5.jar;C:\Users\hp\.gradle\caches\modules-2\files-2.1\org.jspecify\jspecify\1.0.0\7425a601c1c7ec76645a78d22b8c6a627edee507\jspecify-1.0.0.jar;C:\Users\hp\.gradle\caches\modules-2\files-2.1\tools.jackson.core\jackson-core\3.0.0-rc9\dcafe2911c3dc62a98374c850d6a9fe22799d3c5\jackson-core-3.0.0-rc9.jar;C:\Users\hp\.gradle\caches\modules-2\files-2.1\io.micrometer\micrometer-commons\1.16.0-M3\7b9a052cdf8125c7f31a752b1e7b4cfd8cdc4160\micrometer-commons-1.16.0-M3.jar;C:\Users\hp\.gradle\caches\modules-2\files-2.1\org.springframework.boot\spring-boot-devtools\4.0.0-M3\114f6c4ee5e6350c1a639cc17562c4ce557a6120\spring-boot-devtools-4.0.0-M3.jar;C:\Users\hp\.gradle\caches\modules-2\files-2.1\org.postgresql\postgresql\42.7.7\67f8093e8d8104c74bbf588392ac3229803f5d17\postgresql-42.7.7.jar;C:\Users\hp\.gradle\caches\modules-2\files-2.1\org.checkerframework\checker-qual\3.49.3\119a4df4ba2e6a432b23989a785f81be38a56849\checker-qual-3.49.3.jar;C:\Users\hp\.gradle\caches\modules-2\files-2.1\org.hibernate.models\hibernate-models\1.0.1\3158c5f9309494b905de62c72f6f02d108aea651\hibernate-models-1.0.1.jar;C:\Users\hp\.gradle\caches\modules-2\files-2.1\org.jboss.logging\jboss-logging\3.6.1.Final\886afbb445b4016a37c8960a7aef6ebd769ce7e5\jboss-logging-3.6.1.Final.jar;C:\Users\hp\.gradle\caches\modules-2\files-2.1\com.fasterxml\classmate\1.7.0\e98374da1f2143ac8e6e0a95036994bb19137a3\classmate-1.7.0.jar;C:\Users\hp\.gradle\caches\modules-2\files-2.1\net.bytebuddy\byte-buddy\1.17.7\3856bfab61beb23e099a0d6629f2ba8de4b98ace\byte-buddy-1.17.7.jar;C:\Users\hp\.gradle\caches\modules-2\files-2.1\org.glassfish.jaxb\jaxb-runtime\4.0.5\ca84c2a7169b5293e232b9d00d1e4e36d4c3914a\jaxb-runtime-4.0.5.jar;C:\Users\hp\.gradle\caches\modules-2\files-2.1\jakarta.xml.bind\jakarta.xml.bind-api\4.0.2\6cd5a999b834b63238005b7144136379dc36cad2\jakarta.xml.bind-api-4.0.2.jar;C:\Users\hp\.gradle\caches\modules-2\files-2.1\jakarta.inject\jakarta.inject-api\2.0.1\4c28afe1991a941d7702fe1362c365f0a8641d1e\jakarta.inject-api-2.0.1.jar;C:\Users\hp\.gradle\caches\modules-2\files-2.1\org.glassfish.jaxb\jaxb-core\4.0.5\7b4b11ea5542eea4ad55e1080b23be436795b3\jaxb-core-4.0.5.jar;C:\Users\hp\.gradle\caches\modules-2\files-2.1\jakarta.activation\jakarta.activation-api\2.1.4\9e5c2a0d75dde71a0bedc4dbdbe47b78a5dc50f8\jakarta.activation-api-2.1.4.jar;C:\Users\hp\.gradle\caches\modules-2\files-2.1\org.eclipse.angus\angus-activation\2.0.2\41f1e0ddd157c856926ed149ab837d110955a9fc\angus-activation-2.0.2.jar;C:\Users\hp\.gradle\caches\modules-2\files-2.1\org.glassfish.jaxb\txw2\4.0.5\f36a4ef12120a9bb06d766d6a0e54b144fd7ed98\txw2-4.0.5.jar;C:\Users\hp\.gradle\caches\modules-2\files-2.1\com.sun.istack\istack-commons-runtime\4.1.2\18ec117c85f3ba0ac65409136afa8e42bc74e739\istack-commons-runtime-4.1.2.jar
Launcher Type: SUN_STANDARD

[Global flags]
     intx CICompilerCount                          = 3                                         {product} {ergonomic}
     uint ConcGCThreads                            = 1                                         {product} {ergonomic}
     uint G1ConcRefinementThreads                  = 4                                         {product} {ergonomic}
   size_t G1HeapRegionSize                         = 1048576                                   {product} {ergonomic}
   size_t InitialHeapSize                          = 58720256                                  {product} {ergonomic}
   size_t MarkStackSize                            = 4194304                                   {product} {ergonomic}
   size_t MarkStackSizeMax                         = 536870912                                 {product} {ergonomic}
   size_t MaxHeapSize                              = 918552576                                 {product} {ergonomic}
   size_t MaxNewSize                               = 550502400                                 {product} {ergonomic}
   size_t MinHeapDeltaBytes                        = 1048576                                   {product} {ergonomic}
   size_t MinHeapSize                              = 8388608                                   {product} {ergonomic}
    uintx NonNMethodCodeHeapSize                   = 5832704                                {pd product} {ergonomic}
    uintx NonProfiledCodeHeapSize                  = 122945536                              {pd product} {ergonomic}
    uintx ProfiledCodeHeapSize                     = 122880000                              {pd product} {ergonomic}
    uintx ReservedCodeCacheSize                    = 251658240                              {pd product} {ergonomic}
     bool SegmentedCodeCache                       = true                                      {product} {ergonomic}
   size_t SoftMaxHeapSize                          = 918552576                              {manageable} {ergonomic}
     bool UseCompressedOops                        = true                           {product lp64_product} {ergonomic}
     bool UseG1GC                                  = true                                      {product} {ergonomic}
     bool UseLargePagesIndividualAllocation        = false                                  {pd product} {ergonomic}

Logging:
Log output configuration:
 #0: stdout all=warning uptime,level,tags foldmultilines=false
 #1: stderr all=off uptime,level,tags foldmultilines=false

Environment Variables:
PATH=C:\Program Files\Common Files\Oracle\Java\javapath;C:\Python313\Scripts\;C:\Python313\;C:\Program Files (x86)\VMware\VMware Workstation\bin\;C:\WINDOWS\system32;C:\WINDOWS;C:\WINDOWS\System32\Wbem;C:\WINDOWS\System32\WindowsPowerShell\v1.0\;C:\WINDOWS\System32\OpenSSH\;C:\Program Files\PuTTY\;C:\Program Files\OpenSSL-Win64\bin;C:\Program Files\OpenSSL-Win64;C:\Program Files\Git\cmd;C:\ProgramData\chocolatey\bin;C:\Program Files\nodejs\;C:\Program Files\Common Files\Oracle\Java\javapath;C:\Python313\Scripts\;C:\Python313\;C:\Program Files (x86)\VMware\VMware Workstation\bin\;C:\WINDOWS\system32;C:\WINDOWS;C:\WINDOWS\System32\Wbem;C:\WINDOWS\System32\WindowsPowerShell\v1.0\;C:\WINDOWS\System32\OpenSSH\;C:\Program Files\PuTTY\;C:\Program Files\OpenSSL-Win64\bin;C:\Program Files\OpenSSL-Win64;C:\Program Files\Git\cmd;C:\ProgramData\chocolatey\bin;C:\Program Files\nodejs\;C:\Users\hp\AppData\Local\Microsoft\WindowsApps;C:\Users\hp\AppData\Local\Programs\Microsoft VS Code\bin;C:\Program Files\MongoDB\Server\8.2\bin;C:\Program Files\MongoDB\mongosh-2.5.7-win32-x64\bin;C:\Users\hp\AppData\Local\Android\Sdk\platform-tools;C:\Users\hp\AppData\Roaming\npm;;C:\Program Files\Android\Android Studio\plugins\Kotlin\kotlinc\bin;C:\Program Files\JetBrains\IntelliJ IDEA Community Edition 2023.3.8\bin;
USERNAME=hp
OS=Windows_NT
PROCESSOR_IDENTIFIER=AMD64 Family 23 Model 24 Stepping 1, AuthenticAMD
TMP=C:\Users\hp\AppData\Local\Temp
TEMP=C:\Users\hp\AppData\Local\Temp




Periodic native trim disabled

---------------  S Y S T E M  ---------------

OS:
 Windows 11 , 64 bit Build 26100 (10.0.26100.2416)
OS uptime: 4 days 6:31 hours

CPU: total 4 (initial active 4) (4 cores per cpu, 2 threads per core) family 23 model 24 stepping 1 microcode 0x810810e, cx8, cmov, fxsr, ht, mmx, 3dnowpref, sse, sse2, sse3, ssse3, sse4a, sse4.1, sse4.2, popcnt, lzcnt, tsc, tscinvbit, avx, avx2, aes, clmul, bmi1, bmi2, adx, sha, fma, vzeroupper, clflush, clflushopt, rdtscp, f16c
Processor Information for the first 4 processors :
  Max Mhz: 2600, Current Mhz: 2600, Mhz Limit: 2600

Memory: 4k page, system-wide physical 3499M (482M free)
TotalPageFile size 9499M (AvailPageFile size 52M)
current process WorkingSet (physical memory assigned to process): 312M, peak: 312M
current process commit charge ("private bytes"): 378M, peak: 515M

vm_info: Java HotSpot(TM) 64-Bit Server VM (24.0.2+12-54) for windows-amd64 JRE (24.0.2+12-54), built on 2025-07-08T12:10:27Z with MS VC++ 17.6 (VS2022)

END.
